You are using YYP Maker v1.1.5, released in 14-08-2022



[12-12-2022 17:35:14] Initialized GameMaker Project: software_sadists.yyp
[12-12-2022 17:35:14] Current parent directory: C:/Users/adamp/Documents/GameMakerStudio2/ec327_proj/src/software_sadists/animcurves
[12-12-2022 17:35:14] Current parent directory: C:/Users/adamp/Documents/GameMakerStudio2/ec327_proj/src/software_sadists/extensions
[12-12-2022 17:35:14] Current parent directory: C:/Users/adamp/Documents/GameMakerStudio2/ec327_proj/src/software_sadists/fonts
[12-12-2022 17:35:14] Checking dmgFont
[12-12-2022 17:35:14] Directory: C:/Users/adamp/Documents/GameMakerStudio2/ec327_proj/src/software_sadists/fonts/dmgFont
[12-12-2022 17:35:14] Current parent directory: C:/Users/adamp/Documents/GameMakerStudio2/ec327_proj/src/software_sadists/fonts/dmgFont
[12-12-2022 17:35:14] Checking dmgFont.yy
[12-12-2022 17:35:14] Parsing C:/Users/adamp/Documents/GameMakerStudio2/ec327_proj/src/software_sadists/fonts/dmgFont/dmgFont.yy
[12-12-2022 17:35:14] Reading C:/Users/adamp/Documents/GameMakerStudio2/ec327_proj/src/software_sadists/fonts/dmgFont/dmgFont.yy
[12-12-2022 17:35:14] Par: "folders/Fonts" at dir: "C:/Users/adamp/Documents/GameMakerStudio2/ec327_proj/src/software_sadists/fonts/dmgFont/dmgFont.yy"
[12-12-2022 17:35:14] Found Font: dmgFont
[12-12-2022 17:35:14] Checking dmgFont.png
[12-12-2022 17:35:14] Checking dmgFont.old.png
[12-12-2022 17:35:14] Current parent directory: C:/Users/adamp/Documents/GameMakerStudio2/ec327_proj/src/software_sadists/notes
[12-12-2022 17:35:14] Current parent directory: C:/Users/adamp/Documents/GameMakerStudio2/ec327_proj/src/software_sadists/objects
[12-12-2022 17:35:14] Checking startbutton
[12-12-2022 17:35:14] Directory: C:/Users/adamp/Documents/GameMakerStudio2/ec327_proj/src/software_sadists/objects/startbutton
[12-12-2022 17:35:14] Checking obj_wall
[12-12-2022 17:35:14] Directory: C:/Users/adamp/Documents/GameMakerStudio2/ec327_proj/src/software_sadists/objects/obj_wall
[12-12-2022 17:35:14] Checking obj_stairs
[12-12-2022 17:35:14] Directory: C:/Users/adamp/Documents/GameMakerStudio2/ec327_proj/src/software_sadists/objects/obj_stairs
[12-12-2022 17:35:14] Checking obj_player
[12-12-2022 17:35:14] Directory: C:/Users/adamp/Documents/GameMakerStudio2/ec327_proj/src/software_sadists/objects/obj_player
[12-12-2022 17:35:14] Checking obj_pgun
[12-12-2022 17:35:14] Directory: C:/Users/adamp/Documents/GameMakerStudio2/ec327_proj/src/software_sadists/objects/obj_pgun
[12-12-2022 17:35:14] Checking obj_pbullet
[12-12-2022 17:35:14] Directory: C:/Users/adamp/Documents/GameMakerStudio2/ec327_proj/src/software_sadists/objects/obj_pbullet
[12-12-2022 17:35:14] Checking obj_gun
[12-12-2022 17:35:14] Directory: C:/Users/adamp/Documents/GameMakerStudio2/ec327_proj/src/software_sadists/objects/obj_gun
[12-12-2022 17:35:14] Checking obj_enterDoor
[12-12-2022 17:35:14] Directory: C:/Users/adamp/Documents/GameMakerStudio2/ec327_proj/src/software_sadists/objects/obj_enterDoor
[12-12-2022 17:35:14] Checking obj_enemy
[12-12-2022 17:35:14] Directory: C:/Users/adamp/Documents/GameMakerStudio2/ec327_proj/src/software_sadists/objects/obj_enemy
[12-12-2022 17:35:14] Checking obj_egun
[12-12-2022 17:35:14] Directory: C:/Users/adamp/Documents/GameMakerStudio2/ec327_proj/src/software_sadists/objects/obj_egun
[12-12-2022 17:35:14] Checking obj_ebullet
[12-12-2022 17:35:14] Directory: C:/Users/adamp/Documents/GameMakerStudio2/ec327_proj/src/software_sadists/objects/obj_ebullet
[12-12-2022 17:35:14] Checking obj_door
[12-12-2022 17:35:14] Directory: C:/Users/adamp/Documents/GameMakerStudio2/ec327_proj/src/software_sadists/objects/obj_door
[12-12-2022 17:35:14] Checking obj_dataCarry
[12-12-2022 17:35:14] Directory: C:/Users/adamp/Documents/GameMakerStudio2/ec327_proj/src/software_sadists/objects/obj_dataCarry
[12-12-2022 17:35:14] Checking obj_bosslock
[12-12-2022 17:35:14] Directory: C:/Users/adamp/Documents/GameMakerStudio2/ec327_proj/src/software_sadists/objects/obj_bosslock
[12-12-2022 17:35:14] Checking obj_boss
[12-12-2022 17:35:14] Directory: C:/Users/adamp/Documents/GameMakerStudio2/ec327_proj/src/software_sadists/objects/obj_boss
[12-12-2022 17:35:14] Checking Object18
[12-12-2022 17:35:14] Directory: C:/Users/adamp/Documents/GameMakerStudio2/ec327_proj/src/software_sadists/objects/Object18
[12-12-2022 17:35:14] Checking health_up
[12-12-2022 17:35:14] Directory: C:/Users/adamp/Documents/GameMakerStudio2/ec327_proj/src/software_sadists/objects/health_up
[12-12-2022 17:35:14] Checking health_popup
[12-12-2022 17:35:14] Directory: C:/Users/adamp/Documents/GameMakerStudio2/ec327_proj/src/software_sadists/objects/health_popup
[12-12-2022 17:35:14] Checking game_control
[12-12-2022 17:35:14] Directory: C:/Users/adamp/Documents/GameMakerStudio2/ec327_proj/src/software_sadists/objects/game_control
[12-12-2022 17:35:14] Checking boss_key
[12-12-2022 17:35:14] Directory: C:/Users/adamp/Documents/GameMakerStudio2/ec327_proj/src/software_sadists/objects/boss_key
[12-12-2022 17:35:14] Current parent directory: C:/Users/adamp/Documents/GameMakerStudio2/ec327_proj/src/software_sadists/objects/boss_key
[12-12-2022 17:35:14] Checking Step_0.gml
[12-12-2022 17:35:14] Checking Destroy_0.gml
[12-12-2022 17:35:14] Checking Collision_obj_player.gml
[12-12-2022 17:35:14] Checking boss_key.yy
[12-12-2022 17:35:14] Parsing C:/Users/adamp/Documents/GameMakerStudio2/ec327_proj/src/software_sadists/objects/boss_key/boss_key.yy
[12-12-2022 17:35:14] Reading C:/Users/adamp/Documents/GameMakerStudio2/ec327_proj/src/software_sadists/objects/boss_key/boss_key.yy
[12-12-2022 17:35:14] Par: "folders/Objects" at dir: "C:/Users/adamp/Documents/GameMakerStudio2/ec327_proj/src/software_sadists/objects/boss_key/boss_key.yy"
[12-12-2022 17:35:14] Found Object: boss_key
[12-12-2022 17:35:14] Current parent directory: C:/Users/adamp/Documents/GameMakerStudio2/ec327_proj/src/software_sadists/objects/game_control
[12-12-2022 17:35:14] Checking game_control.yy
[12-12-2022 17:35:14] Parsing C:/Users/adamp/Documents/GameMakerStudio2/ec327_proj/src/software_sadists/objects/game_control/game_control.yy
[12-12-2022 17:35:14] Reading C:/Users/adamp/Documents/GameMakerStudio2/ec327_proj/src/software_sadists/objects/game_control/game_control.yy
[12-12-2022 17:35:14] Par: "folders/Objects" at dir: "C:/Users/adamp/Documents/GameMakerStudio2/ec327_proj/src/software_sadists/objects/game_control/game_control.yy"
[12-12-2022 17:35:14] Found Object: game_control
[12-12-2022 17:35:14] Checking Create_0.gml
[12-12-2022 17:35:14] Checking CleanUp_0.gml
[12-12-2022 17:35:14] Current parent directory: C:/Users/adamp/Documents/GameMakerStudio2/ec327_proj/src/software_sadists/objects/health_popup
[12-12-2022 17:35:14] Checking Step_0.gml
[12-12-2022 17:35:14] Checking health_popup.yy
[12-12-2022 17:35:14] Parsing C:/Users/adamp/Documents/GameMakerStudio2/ec327_proj/src/software_sadists/objects/health_popup/health_popup.yy
[12-12-2022 17:35:14] Reading C:/Users/adamp/Documents/GameMakerStudio2/ec327_proj/src/software_sadists/objects/health_popup/health_popup.yy
[12-12-2022 17:35:14] Par: "folders/Objects/Items" at dir: "C:/Users/adamp/Documents/GameMakerStudio2/ec327_proj/src/software_sadists/objects/health_popup/health_popup.yy"
[12-12-2022 17:35:14] Found Object: health_popup
[12-12-2022 17:35:14] Checking Draw_0.gml
[12-12-2022 17:35:14] Checking Create_0.gml
[12-12-2022 17:35:14] Current parent directory: C:/Users/adamp/Documents/GameMakerStudio2/ec327_proj/src/software_sadists/objects/health_up
[12-12-2022 17:35:14] Checking health_up.yy
[12-12-2022 17:35:14] Parsing C:/Users/adamp/Documents/GameMakerStudio2/ec327_proj/src/software_sadists/objects/health_up/health_up.yy
[12-12-2022 17:35:14] Reading C:/Users/adamp/Documents/GameMakerStudio2/ec327_proj/src/software_sadists/objects/health_up/health_up.yy
[12-12-2022 17:35:14] Par: "folders/Objects/Items" at dir: "C:/Users/adamp/Documents/GameMakerStudio2/ec327_proj/src/software_sadists/objects/health_up/health_up.yy"
[12-12-2022 17:35:14] Found Object: health_up
[12-12-2022 17:35:14] Checking Create_0.gml
[12-12-2022 17:35:14] Current parent directory: C:/Users/adamp/Documents/GameMakerStudio2/ec327_proj/src/software_sadists/objects/Object18
[12-12-2022 17:35:14] Checking Object18.yy
[12-12-2022 17:35:14] Parsing C:/Users/adamp/Documents/GameMakerStudio2/ec327_proj/src/software_sadists/objects/Object18/Object18.yy
[12-12-2022 17:35:14] Reading C:/Users/adamp/Documents/GameMakerStudio2/ec327_proj/src/software_sadists/objects/Object18/Object18.yy
[12-12-2022 17:35:14] Par: "folders/Objects/Items" at dir: "C:/Users/adamp/Documents/GameMakerStudio2/ec327_proj/src/software_sadists/objects/Object18/Object18.yy"
[12-12-2022 17:35:14] Found Object: Object18
[12-12-2022 17:35:14] Current parent directory: C:/Users/adamp/Documents/GameMakerStudio2/ec327_proj/src/software_sadists/objects/obj_boss
[12-12-2022 17:35:14] Checking obj_boss.yy
[12-12-2022 17:35:14] Parsing C:/Users/adamp/Documents/GameMakerStudio2/ec327_proj/src/software_sadists/objects/obj_boss/obj_boss.yy
[12-12-2022 17:35:14] Reading C:/Users/adamp/Documents/GameMakerStudio2/ec327_proj/src/software_sadists/objects/obj_boss/obj_boss.yy
[12-12-2022 17:35:14] Par: "folders/Objects" at dir: "C:/Users/adamp/Documents/GameMakerStudio2/ec327_proj/src/software_sadists/objects/obj_boss/obj_boss.yy"
[12-12-2022 17:35:14] Found Object: obj_boss
[12-12-2022 17:35:14] Checking Create_0.gml
[12-12-2022 17:35:14] Checking Collision_obj_pbullet.gml
[12-12-2022 17:35:14] Current parent directory: C:/Users/adamp/Documents/GameMakerStudio2/ec327_proj/src/software_sadists/objects/obj_bosslock
[12-12-2022 17:35:14] Checking obj_bosslock.yy
[12-12-2022 17:35:14] Parsing C:/Users/adamp/Documents/GameMakerStudio2/ec327_proj/src/software_sadists/objects/obj_bosslock/obj_bosslock.yy
[12-12-2022 17:35:14] Reading C:/Users/adamp/Documents/GameMakerStudio2/ec327_proj/src/software_sadists/objects/obj_bosslock/obj_bosslock.yy
[12-12-2022 17:35:14] Par: "folders/Objects" at dir: "C:/Users/adamp/Documents/GameMakerStudio2/ec327_proj/src/software_sadists/objects/obj_bosslock/obj_bosslock.yy"
[12-12-2022 17:35:14] Found Object: obj_bosslock
[12-12-2022 17:35:14] Current parent directory: C:/Users/adamp/Documents/GameMakerStudio2/ec327_proj/src/software_sadists/objects/obj_dataCarry
[12-12-2022 17:35:14] Checking Step_0.gml
[12-12-2022 17:35:14] Checking obj_dataCarry.yy
[12-12-2022 17:35:14] Parsing C:/Users/adamp/Documents/GameMakerStudio2/ec327_proj/src/software_sadists/objects/obj_dataCarry/obj_dataCarry.yy
[12-12-2022 17:35:14] Reading C:/Users/adamp/Documents/GameMakerStudio2/ec327_proj/src/software_sadists/objects/obj_dataCarry/obj_dataCarry.yy
[12-12-2022 17:35:14] Par: "folders/Objects" at dir: "C:/Users/adamp/Documents/GameMakerStudio2/ec327_proj/src/software_sadists/objects/obj_dataCarry/obj_dataCarry.yy"
[12-12-2022 17:35:14] Found Object: obj_dataCarry
[12-12-2022 17:35:14] Checking Create_0.gml
[12-12-2022 17:35:14] Current parent directory: C:/Users/adamp/Documents/GameMakerStudio2/ec327_proj/src/software_sadists/objects/obj_door
[12-12-2022 17:35:14] Checking obj_door.yy
[12-12-2022 17:35:14] Parsing C:/Users/adamp/Documents/GameMakerStudio2/ec327_proj/src/software_sadists/objects/obj_door/obj_door.yy
[12-12-2022 17:35:14] Reading C:/Users/adamp/Documents/GameMakerStudio2/ec327_proj/src/software_sadists/objects/obj_door/obj_door.yy
[12-12-2022 17:35:14] Par: "folders/Objects" at dir: "C:/Users/adamp/Documents/GameMakerStudio2/ec327_proj/src/software_sadists/objects/obj_door/obj_door.yy"
[12-12-2022 17:35:14] Found Object: obj_door
[12-12-2022 17:35:14] Checking Collision_obj_player.gml
[12-12-2022 17:35:14] Current parent directory: C:/Users/adamp/Documents/GameMakerStudio2/ec327_proj/src/software_sadists/objects/obj_ebullet
[12-12-2022 17:35:14] Checking Step_0.gml
[12-12-2022 17:35:14] Checking obj_ebullet.yy
[12-12-2022 17:35:14] Parsing C:/Users/adamp/Documents/GameMakerStudio2/ec327_proj/src/software_sadists/objects/obj_ebullet/obj_ebullet.yy
[12-12-2022 17:35:14] Reading C:/Users/adamp/Documents/GameMakerStudio2/ec327_proj/src/software_sadists/objects/obj_ebullet/obj_ebullet.yy
[12-12-2022 17:35:14] Par: "folders/Objects" at dir: "C:/Users/adamp/Documents/GameMakerStudio2/ec327_proj/src/software_sadists/objects/obj_ebullet/obj_ebullet.yy"
[12-12-2022 17:35:14] Found Object: obj_ebullet
[12-12-2022 17:35:14] Checking Draw_77.gml
[12-12-2022 17:35:14] Current parent directory: C:/Users/adamp/Documents/GameMakerStudio2/ec327_proj/src/software_sadists/objects/obj_egun
[12-12-2022 17:35:14] Checking Step_1.gml
[12-12-2022 17:35:14] Checking obj_egun.yy
[12-12-2022 17:35:14] Parsing C:/Users/adamp/Documents/GameMakerStudio2/ec327_proj/src/software_sadists/objects/obj_egun/obj_egun.yy
[12-12-2022 17:35:14] Reading C:/Users/adamp/Documents/GameMakerStudio2/ec327_proj/src/software_sadists/objects/obj_egun/obj_egun.yy
[12-12-2022 17:35:14] Par: "folders/Objects" at dir: "C:/Users/adamp/Documents/GameMakerStudio2/ec327_proj/src/software_sadists/objects/obj_egun/obj_egun.yy"
[12-12-2022 17:35:14] Found Object: obj_egun
[12-12-2022 17:35:14] Checking Create_0.gml
[12-12-2022 17:35:14] Current parent directory: C:/Users/adamp/Documents/GameMakerStudio2/ec327_proj/src/software_sadists/objects/obj_enemy
[12-12-2022 17:35:14] Checking Step_0.gml
[12-12-2022 17:35:14] Checking obj_enemy.yy
[12-12-2022 17:35:14] Parsing C:/Users/adamp/Documents/GameMakerStudio2/ec327_proj/src/software_sadists/objects/obj_enemy/obj_enemy.yy
[12-12-2022 17:35:14] Reading C:/Users/adamp/Documents/GameMakerStudio2/ec327_proj/src/software_sadists/objects/obj_enemy/obj_enemy.yy
[12-12-2022 17:35:14] Par: "folders/Objects" at dir: "C:/Users/adamp/Documents/GameMakerStudio2/ec327_proj/src/software_sadists/objects/obj_enemy/obj_enemy.yy"
[12-12-2022 17:35:14] Found Object: obj_enemy
[12-12-2022 17:35:14] Checking Create_0.gml
[12-12-2022 17:35:14] Checking Collision_obj_pbullet.gml
[12-12-2022 17:35:14] Current parent directory: C:/Users/adamp/Documents/GameMakerStudio2/ec327_proj/src/software_sadists/objects/obj_enterDoor
[12-12-2022 17:35:14] Checking obj_enterDoor.yy
[12-12-2022 17:35:14] Parsing C:/Users/adamp/Documents/GameMakerStudio2/ec327_proj/src/software_sadists/objects/obj_enterDoor/obj_enterDoor.yy
[12-12-2022 17:35:14] Reading C:/Users/adamp/Documents/GameMakerStudio2/ec327_proj/src/software_sadists/objects/obj_enterDoor/obj_enterDoor.yy
[12-12-2022 17:35:14] Par: "folders/Objects" at dir: "C:/Users/adamp/Documents/GameMakerStudio2/ec327_proj/src/software_sadists/objects/obj_enterDoor/obj_enterDoor.yy"
[12-12-2022 17:35:14] Found Object: obj_enterDoor
[12-12-2022 17:35:14] Current parent directory: C:/Users/adamp/Documents/GameMakerStudio2/ec327_proj/src/software_sadists/objects/obj_gun
[12-12-2022 17:35:14] Checking Step_1.gml
[12-12-2022 17:35:14] Checking obj_gun.yy
[12-12-2022 17:35:14] Parsing C:/Users/adamp/Documents/GameMakerStudio2/ec327_proj/src/software_sadists/objects/obj_gun/obj_gun.yy
[12-12-2022 17:35:14] Reading C:/Users/adamp/Documents/GameMakerStudio2/ec327_proj/src/software_sadists/objects/obj_gun/obj_gun.yy
[12-12-2022 17:35:14] Par: "folders/Objects" at dir: "C:/Users/adamp/Documents/GameMakerStudio2/ec327_proj/src/software_sadists/objects/obj_gun/obj_gun.yy"
[12-12-2022 17:35:14] Found Object: obj_gun
[12-12-2022 17:35:14] Current parent directory: C:/Users/adamp/Documents/GameMakerStudio2/ec327_proj/src/software_sadists/objects/obj_pbullet
[12-12-2022 17:35:14] Checking obj_pbullet.yy
[12-12-2022 17:35:14] Parsing C:/Users/adamp/Documents/GameMakerStudio2/ec327_proj/src/software_sadists/objects/obj_pbullet/obj_pbullet.yy
[12-12-2022 17:35:14] Reading C:/Users/adamp/Documents/GameMakerStudio2/ec327_proj/src/software_sadists/objects/obj_pbullet/obj_pbullet.yy
[12-12-2022 17:35:14] Par: "folders/Objects" at dir: "C:/Users/adamp/Documents/GameMakerStudio2/ec327_proj/src/software_sadists/objects/obj_pbullet/obj_pbullet.yy"
[12-12-2022 17:35:14] Found Object: obj_pbullet
[12-12-2022 17:35:14] Checking Draw_77.gml
[12-12-2022 17:35:14] Current parent directory: C:/Users/adamp/Documents/GameMakerStudio2/ec327_proj/src/software_sadists/objects/obj_pgun
[12-12-2022 17:35:14] Checking Step_1.gml
[12-12-2022 17:35:14] Checking obj_pgun.yy
[12-12-2022 17:35:14] Parsing C:/Users/adamp/Documents/GameMakerStudio2/ec327_proj/src/software_sadists/objects/obj_pgun/obj_pgun.yy
[12-12-2022 17:35:14] Reading C:/Users/adamp/Documents/GameMakerStudio2/ec327_proj/src/software_sadists/objects/obj_pgun/obj_pgun.yy
[12-12-2022 17:35:14] Par: "folders/Objects" at dir: "C:/Users/adamp/Documents/GameMakerStudio2/ec327_proj/src/software_sadists/objects/obj_pgun/obj_pgun.yy"
[12-12-2022 17:35:14] Found Object: obj_pgun
[12-12-2022 17:35:14] Checking Create_0.gml
[12-12-2022 17:35:14] Current parent directory: C:/Users/adamp/Documents/GameMakerStudio2/ec327_proj/src/software_sadists/objects/obj_player
[12-12-2022 17:35:14] Checking Step_0.gml
[12-12-2022 17:35:14] Checking Other_5.gml
[12-12-2022 17:35:14] Checking Other_4.gml
[12-12-2022 17:35:14] Checking obj_player.yy
[12-12-2022 17:35:14] Parsing C:/Users/adamp/Documents/GameMakerStudio2/ec327_proj/src/software_sadists/objects/obj_player/obj_player.yy
[12-12-2022 17:35:14] Reading C:/Users/adamp/Documents/GameMakerStudio2/ec327_proj/src/software_sadists/objects/obj_player/obj_player.yy
[12-12-2022 17:35:14] Par: "folders/Objects" at dir: "C:/Users/adamp/Documents/GameMakerStudio2/ec327_proj/src/software_sadists/objects/obj_player/obj_player.yy"
[12-12-2022 17:35:14] Found Object: obj_player
[12-12-2022 17:35:14] Checking Create_0.gml
[12-12-2022 17:35:14] Checking Collision_obj_ebullet.gml
[12-12-2022 17:35:14] Checking Collision_health_up.gml
[12-12-2022 17:35:14] Current parent directory: C:/Users/adamp/Documents/GameMakerStudio2/ec327_proj/src/software_sadists/objects/obj_stairs
[12-12-2022 17:35:14] Checking obj_stairs.yy
[12-12-2022 17:35:14] Parsing C:/Users/adamp/Documents/GameMakerStudio2/ec327_proj/src/software_sadists/objects/obj_stairs/obj_stairs.yy
[12-12-2022 17:35:14] Reading C:/Users/adamp/Documents/GameMakerStudio2/ec327_proj/src/software_sadists/objects/obj_stairs/obj_stairs.yy
[12-12-2022 17:35:14] Par: "folders/Objects" at dir: "C:/Users/adamp/Documents/GameMakerStudio2/ec327_proj/src/software_sadists/objects/obj_stairs/obj_stairs.yy"
[12-12-2022 17:35:14] Found Object: obj_stairs
[12-12-2022 17:35:14] Current parent directory: C:/Users/adamp/Documents/GameMakerStudio2/ec327_proj/src/software_sadists/objects/obj_wall
[12-12-2022 17:35:14] Checking obj_wall.yy
[12-12-2022 17:35:14] Parsing C:/Users/adamp/Documents/GameMakerStudio2/ec327_proj/src/software_sadists/objects/obj_wall/obj_wall.yy
[12-12-2022 17:35:14] Reading C:/Users/adamp/Documents/GameMakerStudio2/ec327_proj/src/software_sadists/objects/obj_wall/obj_wall.yy
[12-12-2022 17:35:14] Par: "folders/Objects" at dir: "C:/Users/adamp/Documents/GameMakerStudio2/ec327_proj/src/software_sadists/objects/obj_wall/obj_wall.yy"
[12-12-2022 17:35:14] Found Object: obj_wall
[12-12-2022 17:35:14] Current parent directory: C:/Users/adamp/Documents/GameMakerStudio2/ec327_proj/src/software_sadists/objects/startbutton
[12-12-2022 17:35:14] Checking startbutton.yy
[12-12-2022 17:35:14] Parsing C:/Users/adamp/Documents/GameMakerStudio2/ec327_proj/src/software_sadists/objects/startbutton/startbutton.yy
[12-12-2022 17:35:14] Reading C:/Users/adamp/Documents/GameMakerStudio2/ec327_proj/src/software_sadists/objects/startbutton/startbutton.yy
[12-12-2022 17:35:14] Par: "folders/Objects" at dir: "C:/Users/adamp/Documents/GameMakerStudio2/ec327_proj/src/software_sadists/objects/startbutton/startbutton.yy"
[12-12-2022 17:35:14] Found Object: startbutton
[12-12-2022 17:35:14] Checking Mouse_0.gml
[12-12-2022 17:35:14] Current parent directory: C:/Users/adamp/Documents/GameMakerStudio2/ec327_proj/src/software_sadists/options
[12-12-2022 17:35:14] Checking windows
[12-12-2022 17:35:14] Directory: C:/Users/adamp/Documents/GameMakerStudio2/ec327_proj/src/software_sadists/options/windows
[12-12-2022 17:35:14] Checking operagx
[12-12-2022 17:35:14] Directory: C:/Users/adamp/Documents/GameMakerStudio2/ec327_proj/src/software_sadists/options/operagx
[12-12-2022 17:35:14] Checking main
[12-12-2022 17:35:14] Directory: C:/Users/adamp/Documents/GameMakerStudio2/ec327_proj/src/software_sadists/options/main
[12-12-2022 17:35:14] Current parent directory: C:/Users/adamp/Documents/GameMakerStudio2/ec327_proj/src/software_sadists/options/main
[12-12-2022 17:35:14] Checking options_main.yy
[12-12-2022 17:35:14] Parsing C:/Users/adamp/Documents/GameMakerStudio2/ec327_proj/src/software_sadists/options/main/options_main.yy
[12-12-2022 17:35:14] Reading C:/Users/adamp/Documents/GameMakerStudio2/ec327_proj/src/software_sadists/options/main/options_main.yy
[12-12-2022 17:35:14] Current parent directory: C:/Users/adamp/Documents/GameMakerStudio2/ec327_proj/src/software_sadists/options/operagx
[12-12-2022 17:35:14] Checking options_operagx.yy
[12-12-2022 17:35:14] Parsing C:/Users/adamp/Documents/GameMakerStudio2/ec327_proj/src/software_sadists/options/operagx/options_operagx.yy
[12-12-2022 17:35:14] Reading C:/Users/adamp/Documents/GameMakerStudio2/ec327_proj/src/software_sadists/options/operagx/options_operagx.yy
[12-12-2022 17:35:14] Current parent directory: C:/Users/adamp/Documents/GameMakerStudio2/ec327_proj/src/software_sadists/options/windows
[12-12-2022 17:35:14] Checking options_windows.yy
[12-12-2022 17:35:14] Parsing C:/Users/adamp/Documents/GameMakerStudio2/ec327_proj/src/software_sadists/options/windows/options_windows.yy
[12-12-2022 17:35:14] Reading C:/Users/adamp/Documents/GameMakerStudio2/ec327_proj/src/software_sadists/options/windows/options_windows.yy
[12-12-2022 17:35:14] Current parent directory: C:/Users/adamp/Documents/GameMakerStudio2/ec327_proj/src/software_sadists/paths
[12-12-2022 17:35:14] Current parent directory: C:/Users/adamp/Documents/GameMakerStudio2/ec327_proj/src/software_sadists/rooms
[12-12-2022 17:35:14] Checking startMenu
[12-12-2022 17:35:14] Directory: C:/Users/adamp/Documents/GameMakerStudio2/ec327_proj/src/software_sadists/rooms/startMenu
[12-12-2022 17:35:14] Checking room_west
[12-12-2022 17:35:14] Directory: C:/Users/adamp/Documents/GameMakerStudio2/ec327_proj/src/software_sadists/rooms/room_west
[12-12-2022 17:35:14] Checking room_northeast
[12-12-2022 17:35:14] Directory: C:/Users/adamp/Documents/GameMakerStudio2/ec327_proj/src/software_sadists/rooms/room_northeast
[12-12-2022 17:35:14] Checking room4
[12-12-2022 17:35:14] Directory: C:/Users/adamp/Documents/GameMakerStudio2/ec327_proj/src/software_sadists/rooms/room4
[12-12-2022 17:35:14] Checking room3
[12-12-2022 17:35:14] Directory: C:/Users/adamp/Documents/GameMakerStudio2/ec327_proj/src/software_sadists/rooms/room3
[12-12-2022 17:35:14] Checking room2
[12-12-2022 17:35:14] Directory: C:/Users/adamp/Documents/GameMakerStudio2/ec327_proj/src/software_sadists/rooms/room2
[12-12-2022 17:35:14] Checking Room1
[12-12-2022 17:35:14] Directory: C:/Users/adamp/Documents/GameMakerStudio2/ec327_proj/src/software_sadists/rooms/Room1
[12-12-2022 17:35:14] Checking floor2
[12-12-2022 17:35:14] Directory: C:/Users/adamp/Documents/GameMakerStudio2/ec327_proj/src/software_sadists/rooms/floor2
[12-12-2022 17:35:14] Checking floor1
[12-12-2022 17:35:14] Directory: C:/Users/adamp/Documents/GameMakerStudio2/ec327_proj/src/software_sadists/rooms/floor1
[12-12-2022 17:35:14] Checking endMenu
[12-12-2022 17:35:14] Directory: C:/Users/adamp/Documents/GameMakerStudio2/ec327_proj/src/software_sadists/rooms/endMenu
[12-12-2022 17:35:14] Checking bossroom
[12-12-2022 17:35:14] Directory: C:/Users/adamp/Documents/GameMakerStudio2/ec327_proj/src/software_sadists/rooms/bossroom
[12-12-2022 17:35:14] Current parent directory: C:/Users/adamp/Documents/GameMakerStudio2/ec327_proj/src/software_sadists/rooms/bossroom
[12-12-2022 17:35:14] Checking bossroom.yy
[12-12-2022 17:35:14] Parsing C:/Users/adamp/Documents/GameMakerStudio2/ec327_proj/src/software_sadists/rooms/bossroom/bossroom.yy
[12-12-2022 17:35:14] Reading C:/Users/adamp/Documents/GameMakerStudio2/ec327_proj/src/software_sadists/rooms/bossroom/bossroom.yy
[12-12-2022 17:35:14] Par: "folders/Rooms/second floor rooms" at dir: "C:/Users/adamp/Documents/GameMakerStudio2/ec327_proj/src/software_sadists/rooms/bossroom/bossroom.yy"
[12-12-2022 17:35:14] Found Room: bossroom
[12-12-2022 17:35:14] Current parent directory: C:/Users/adamp/Documents/GameMakerStudio2/ec327_proj/src/software_sadists/rooms/endMenu
[12-12-2022 17:35:14] Checking endMenu.yy
[12-12-2022 17:35:14] Parsing C:/Users/adamp/Documents/GameMakerStudio2/ec327_proj/src/software_sadists/rooms/endMenu/endMenu.yy
[12-12-2022 17:35:14] Reading C:/Users/adamp/Documents/GameMakerStudio2/ec327_proj/src/software_sadists/rooms/endMenu/endMenu.yy
[12-12-2022 17:35:14] Par: "folders/Rooms" at dir: "C:/Users/adamp/Documents/GameMakerStudio2/ec327_proj/src/software_sadists/rooms/endMenu/endMenu.yy"
[12-12-2022 17:35:14] Found Room: endMenu
[12-12-2022 17:35:14] Current parent directory: C:/Users/adamp/Documents/GameMakerStudio2/ec327_proj/src/software_sadists/rooms/floor1
[12-12-2022 17:35:14] Checking floor1.yy
[12-12-2022 17:35:14] Parsing C:/Users/adamp/Documents/GameMakerStudio2/ec327_proj/src/software_sadists/rooms/floor1/floor1.yy
[12-12-2022 17:35:14] Reading C:/Users/adamp/Documents/GameMakerStudio2/ec327_proj/src/software_sadists/rooms/floor1/floor1.yy
[12-12-2022 17:35:14] Par: "folders/Rooms/first floor rooms" at dir: "C:/Users/adamp/Documents/GameMakerStudio2/ec327_proj/src/software_sadists/rooms/floor1/floor1.yy"
[12-12-2022 17:35:14] Found Room: floor1
[12-12-2022 17:35:14] Current parent directory: C:/Users/adamp/Documents/GameMakerStudio2/ec327_proj/src/software_sadists/rooms/floor2
[12-12-2022 17:35:14] Checking floor2.yy
[12-12-2022 17:35:14] Parsing C:/Users/adamp/Documents/GameMakerStudio2/ec327_proj/src/software_sadists/rooms/floor2/floor2.yy
[12-12-2022 17:35:14] Reading C:/Users/adamp/Documents/GameMakerStudio2/ec327_proj/src/software_sadists/rooms/floor2/floor2.yy
[12-12-2022 17:35:14] Par: "folders/Rooms/second floor rooms" at dir: "C:/Users/adamp/Documents/GameMakerStudio2/ec327_proj/src/software_sadists/rooms/floor2/floor2.yy"
[12-12-2022 17:35:14] Found Room: floor2
[12-12-2022 17:35:14] Current parent directory: C:/Users/adamp/Documents/GameMakerStudio2/ec327_proj/src/software_sadists/rooms/Room1
[12-12-2022 17:35:14] Checking room1.yy
[12-12-2022 17:35:14] Parsing C:/Users/adamp/Documents/GameMakerStudio2/ec327_proj/src/software_sadists/rooms/Room1/room1.yy
[12-12-2022 17:35:14] Reading C:/Users/adamp/Documents/GameMakerStudio2/ec327_proj/src/software_sadists/rooms/Room1/room1.yy
[12-12-2022 17:35:14] Par: "folders/Rooms/first floor rooms" at dir: "C:/Users/adamp/Documents/GameMakerStudio2/ec327_proj/src/software_sadists/rooms/Room1/room1.yy"
[12-12-2022 17:35:14] Found Room: room1
[12-12-2022 17:35:14] Current parent directory: C:/Users/adamp/Documents/GameMakerStudio2/ec327_proj/src/software_sadists/rooms/room2
[12-12-2022 17:35:14] Checking room2.yy
[12-12-2022 17:35:14] Parsing C:/Users/adamp/Documents/GameMakerStudio2/ec327_proj/src/software_sadists/rooms/room2/room2.yy
[12-12-2022 17:35:14] Reading C:/Users/adamp/Documents/GameMakerStudio2/ec327_proj/src/software_sadists/rooms/room2/room2.yy
[12-12-2022 17:35:14] Par: "folders/Rooms/first floor rooms" at dir: "C:/Users/adamp/Documents/GameMakerStudio2/ec327_proj/src/software_sadists/rooms/room2/room2.yy"
[12-12-2022 17:35:14] Found Room: room2
[12-12-2022 17:35:14] Current parent directory: C:/Users/adamp/Documents/GameMakerStudio2/ec327_proj/src/software_sadists/rooms/room3
[12-12-2022 17:35:14] Checking room3.yy
[12-12-2022 17:35:14] Parsing C:/Users/adamp/Documents/GameMakerStudio2/ec327_proj/src/software_sadists/rooms/room3/room3.yy
[12-12-2022 17:35:14] Reading C:/Users/adamp/Documents/GameMakerStudio2/ec327_proj/src/software_sadists/rooms/room3/room3.yy
[12-12-2022 17:35:14] Par: "folders/Rooms/first floor rooms" at dir: "C:/Users/adamp/Documents/GameMakerStudio2/ec327_proj/src/software_sadists/rooms/room3/room3.yy"
[12-12-2022 17:35:14] Found Room: room3
[12-12-2022 17:35:14] Current parent directory: C:/Users/adamp/Documents/GameMakerStudio2/ec327_proj/src/software_sadists/rooms/room4
[12-12-2022 17:35:14] Checking room4.yy
[12-12-2022 17:35:14] Parsing C:/Users/adamp/Documents/GameMakerStudio2/ec327_proj/src/software_sadists/rooms/room4/room4.yy
[12-12-2022 17:35:14] Reading C:/Users/adamp/Documents/GameMakerStudio2/ec327_proj/src/software_sadists/rooms/room4/room4.yy
[12-12-2022 17:35:14] Par: "folders/Rooms/first floor rooms" at dir: "C:/Users/adamp/Documents/GameMakerStudio2/ec327_proj/src/software_sadists/rooms/room4/room4.yy"
[12-12-2022 17:35:14] Found Room: room4
[12-12-2022 17:35:14] Current parent directory: C:/Users/adamp/Documents/GameMakerStudio2/ec327_proj/src/software_sadists/rooms/room_northeast
[12-12-2022 17:35:14] Checking room_northeast.yy
[12-12-2022 17:35:14] Parsing C:/Users/adamp/Documents/GameMakerStudio2/ec327_proj/src/software_sadists/rooms/room_northeast/room_northeast.yy
[12-12-2022 17:35:14] Reading C:/Users/adamp/Documents/GameMakerStudio2/ec327_proj/src/software_sadists/rooms/room_northeast/room_northeast.yy
[12-12-2022 17:35:14] Par: "folders/Rooms/second floor rooms" at dir: "C:/Users/adamp/Documents/GameMakerStudio2/ec327_proj/src/software_sadists/rooms/room_northeast/room_northeast.yy"
[12-12-2022 17:35:14] Found Room: room_northeast
[12-12-2022 17:35:14] Current parent directory: C:/Users/adamp/Documents/GameMakerStudio2/ec327_proj/src/software_sadists/rooms/room_west
[12-12-2022 17:35:14] Checking room_west.yy
[12-12-2022 17:35:14] Parsing C:/Users/adamp/Documents/GameMakerStudio2/ec327_proj/src/software_sadists/rooms/room_west/room_west.yy
[12-12-2022 17:35:14] Reading C:/Users/adamp/Documents/GameMakerStudio2/ec327_proj/src/software_sadists/rooms/room_west/room_west.yy
[12-12-2022 17:35:14] Par: "folders/Rooms/second floor rooms" at dir: "C:/Users/adamp/Documents/GameMakerStudio2/ec327_proj/src/software_sadists/rooms/room_west/room_west.yy"
[12-12-2022 17:35:14] Found Room: room_west
[12-12-2022 17:35:14] Current parent directory: C:/Users/adamp/Documents/GameMakerStudio2/ec327_proj/src/software_sadists/rooms/startMenu
[12-12-2022 17:35:14] Checking startMenu.yy
[12-12-2022 17:35:14] Parsing C:/Users/adamp/Documents/GameMakerStudio2/ec327_proj/src/software_sadists/rooms/startMenu/startMenu.yy
[12-12-2022 17:35:14] Reading C:/Users/adamp/Documents/GameMakerStudio2/ec327_proj/src/software_sadists/rooms/startMenu/startMenu.yy
[12-12-2022 17:35:14] Par: "folders/Rooms" at dir: "C:/Users/adamp/Documents/GameMakerStudio2/ec327_proj/src/software_sadists/rooms/startMenu/startMenu.yy"
[12-12-2022 17:35:14] Found Room: startMenu
[12-12-2022 17:35:14] Current parent directory: C:/Users/adamp/Documents/GameMakerStudio2/ec327_proj/src/software_sadists/scripts
[12-12-2022 17:35:14] Checking part_init
[12-12-2022 17:35:14] Directory: C:/Users/adamp/Documents/GameMakerStudio2/ec327_proj/src/software_sadists/scripts/part_init
[12-12-2022 17:35:14] Current parent directory: C:/Users/adamp/Documents/GameMakerStudio2/ec327_proj/src/software_sadists/scripts/part_init
[12-12-2022 17:35:14] Checking part_init.yy
[12-12-2022 17:35:14] Parsing C:/Users/adamp/Documents/GameMakerStudio2/ec327_proj/src/software_sadists/scripts/part_init/part_init.yy
[12-12-2022 17:35:14] Reading C:/Users/adamp/Documents/GameMakerStudio2/ec327_proj/src/software_sadists/scripts/part_init/part_init.yy
[12-12-2022 17:35:14] Par: "folders/Scripts" at dir: "C:/Users/adamp/Documents/GameMakerStudio2/ec327_proj/src/software_sadists/scripts/part_init/part_init.yy"
[12-12-2022 17:35:14] Found Script: part_init
[12-12-2022 17:35:14] Checking part_init.gml
[12-12-2022 17:35:14] Current parent directory: C:/Users/adamp/Documents/GameMakerStudio2/ec327_proj/src/software_sadists/sequences
[12-12-2022 17:35:14] Current parent directory: C:/Users/adamp/Documents/GameMakerStudio2/ec327_proj/src/software_sadists/shaders
[12-12-2022 17:35:14] Current parent directory: C:/Users/adamp/Documents/GameMakerStudio2/ec327_proj/src/software_sadists/sounds
[12-12-2022 17:35:14] Checking health_up_drink
[12-12-2022 17:35:14] Directory: C:/Users/adamp/Documents/GameMakerStudio2/ec327_proj/src/software_sadists/sounds/health_up_drink
[12-12-2022 17:35:14] Current parent directory: C:/Users/adamp/Documents/GameMakerStudio2/ec327_proj/src/software_sadists/sounds/health_up_drink
[12-12-2022 17:35:14] Checking health_up_drink.yy
[12-12-2022 17:35:14] Parsing C:/Users/adamp/Documents/GameMakerStudio2/ec327_proj/src/software_sadists/sounds/health_up_drink/health_up_drink.yy
[12-12-2022 17:35:14] Reading C:/Users/adamp/Documents/GameMakerStudio2/ec327_proj/src/software_sadists/sounds/health_up_drink/health_up_drink.yy
[12-12-2022 17:35:14] Par: "folders/Sounds" at dir: "C:/Users/adamp/Documents/GameMakerStudio2/ec327_proj/src/software_sadists/sounds/health_up_drink/health_up_drink.yy"
[12-12-2022 17:35:14] Found Sound: health_up_drink
[12-12-2022 17:35:14] Checking health_up_drink.wav
[12-12-2022 17:35:14] Current parent directory: C:/Users/adamp/Documents/GameMakerStudio2/ec327_proj/src/software_sadists/sprites
[12-12-2022 17:35:14] Checking startScreen
[12-12-2022 17:35:14] Directory: C:/Users/adamp/Documents/GameMakerStudio2/ec327_proj/src/software_sadists/sprites/startScreen
[12-12-2022 17:35:14] Checking spr_wall
[12-12-2022 17:35:14] Directory: C:/Users/adamp/Documents/GameMakerStudio2/ec327_proj/src/software_sadists/sprites/spr_wall
[12-12-2022 17:35:14] Checking spr_tiling
[12-12-2022 17:35:14] Directory: C:/Users/adamp/Documents/GameMakerStudio2/ec327_proj/src/software_sadists/sprites/spr_tiling
[12-12-2022 17:35:14] Checking spr_startButton
[12-12-2022 17:35:14] Directory: C:/Users/adamp/Documents/GameMakerStudio2/ec327_proj/src/software_sadists/sprites/spr_startButton
[12-12-2022 17:35:14] Checking spr_stair
[12-12-2022 17:35:14] Directory: C:/Users/adamp/Documents/GameMakerStudio2/ec327_proj/src/software_sadists/sprites/spr_stair
[12-12-2022 17:35:14] Checking spr_player
[12-12-2022 17:35:14] Directory: C:/Users/adamp/Documents/GameMakerStudio2/ec327_proj/src/software_sadists/sprites/spr_player
[12-12-2022 17:35:14] Checking spr_pgun
[12-12-2022 17:35:14] Directory: C:/Users/adamp/Documents/GameMakerStudio2/ec327_proj/src/software_sadists/sprites/spr_pgun
[12-12-2022 17:35:14] Checking spr_pbullet
[12-12-2022 17:35:14] Directory: C:/Users/adamp/Documents/GameMakerStudio2/ec327_proj/src/software_sadists/sprites/spr_pbullet
[12-12-2022 17:35:14] Checking spr_enterDoor
[12-12-2022 17:35:14] Directory: C:/Users/adamp/Documents/GameMakerStudio2/ec327_proj/src/software_sadists/sprites/spr_enterDoor
[12-12-2022 17:35:14] Checking spr_enemy
[12-12-2022 17:35:14] Directory: C:/Users/adamp/Documents/GameMakerStudio2/ec327_proj/src/software_sadists/sprites/spr_enemy
[12-12-2022 17:35:14] Checking spr_ebullet
[12-12-2022 17:35:14] Directory: C:/Users/adamp/Documents/GameMakerStudio2/ec327_proj/src/software_sadists/sprites/spr_ebullet
[12-12-2022 17:35:14] Checking spr_door
[12-12-2022 17:35:14] Directory: C:/Users/adamp/Documents/GameMakerStudio2/ec327_proj/src/software_sadists/sprites/spr_door
[12-12-2022 17:35:14] Checking Sprite4
[12-12-2022 17:35:14] Directory: C:/Users/adamp/Documents/GameMakerStudio2/ec327_proj/src/software_sadists/sprites/Sprite4
[12-12-2022 17:35:14] Checking Sprite3
[12-12-2022 17:35:14] Directory: C:/Users/adamp/Documents/GameMakerStudio2/ec327_proj/src/software_sadists/sprites/Sprite3
[12-12-2022 17:35:14] Checking Sprite23
[12-12-2022 17:35:14] Directory: C:/Users/adamp/Documents/GameMakerStudio2/ec327_proj/src/software_sadists/sprites/Sprite23
[12-12-2022 17:35:14] Checking Sprite22
[12-12-2022 17:35:14] Directory: C:/Users/adamp/Documents/GameMakerStudio2/ec327_proj/src/software_sadists/sprites/Sprite22
[12-12-2022 17:35:14] Checking Sprite21
[12-12-2022 17:35:14] Directory: C:/Users/adamp/Documents/GameMakerStudio2/ec327_proj/src/software_sadists/sprites/Sprite21
[12-12-2022 17:35:14] Checking Sprite19
[12-12-2022 17:35:14] Directory: C:/Users/adamp/Documents/GameMakerStudio2/ec327_proj/src/software_sadists/sprites/Sprite19
[12-12-2022 17:35:14] Checking Sprite18
[12-12-2022 17:35:14] Directory: C:/Users/adamp/Documents/GameMakerStudio2/ec327_proj/src/software_sadists/sprites/Sprite18
[12-12-2022 17:35:14] Checking Sprite17
[12-12-2022 17:35:14] Directory: C:/Users/adamp/Documents/GameMakerStudio2/ec327_proj/src/software_sadists/sprites/Sprite17
[12-12-2022 17:35:14] Checking Sprite16
[12-12-2022 17:35:14] Directory: C:/Users/adamp/Documents/GameMakerStudio2/ec327_proj/src/software_sadists/sprites/Sprite16
[12-12-2022 17:35:14] Checking Sprite10
[12-12-2022 17:35:14] Directory: C:/Users/adamp/Documents/GameMakerStudio2/ec327_proj/src/software_sadists/sprites/Sprite10
[12-12-2022 17:35:14] Checking health_particle
[12-12-2022 17:35:14] Directory: C:/Users/adamp/Documents/GameMakerStudio2/ec327_proj/src/software_sadists/sprites/health_particle
[12-12-2022 17:35:14] Current parent directory: C:/Users/adamp/Documents/GameMakerStudio2/ec327_proj/src/software_sadists/sprites/health_particle
[12-12-2022 17:35:14] Checking layers
[12-12-2022 17:35:14] Directory: C:/Users/adamp/Documents/GameMakerStudio2/ec327_proj/src/software_sadists/sprites/health_particle/layers
[12-12-2022 17:35:14] Checking health_particle.yy
[12-12-2022 17:35:14] Parsing C:/Users/adamp/Documents/GameMakerStudio2/ec327_proj/src/software_sadists/sprites/health_particle/health_particle.yy
[12-12-2022 17:35:14] Reading C:/Users/adamp/Documents/GameMakerStudio2/ec327_proj/src/software_sadists/sprites/health_particle/health_particle.yy
[12-12-2022 17:35:14] Par: "folders/Sprites" at dir: "C:/Users/adamp/Documents/GameMakerStudio2/ec327_proj/src/software_sadists/sprites/health_particle/health_particle.yy"
[12-12-2022 17:35:14] Found Sprite: health_particle
[12-12-2022 17:35:14] Checking f761c6d5-ac4e-4438-8e52-2a193b454b55.png
[12-12-2022 17:35:14] Checking e9f1bbf6-84f3-406f-a838-c73684f7c270.png
[12-12-2022 17:35:14] Checking bf96cb72-775e-4be6-8b4c-07a8817a0211.png
[12-12-2022 17:35:14] Checking 56cd3b01-501f-4394-ade6-0f12223a11ae.png
[12-12-2022 17:35:14] Checking 11a0f9de-aece-4f15-9234-a60d2d13c2d0.png
[12-12-2022 17:35:14] Checking 071d3b7a-6e89-4ec2-b8a6-2cd72e7d6bc6.png
[12-12-2022 17:35:14] Current parent directory: C:/Users/adamp/Documents/GameMakerStudio2/ec327_proj/src/software_sadists/sprites/health_particle/layers
[12-12-2022 17:35:14] Checking f761c6d5-ac4e-4438-8e52-2a193b454b55
[12-12-2022 17:35:14] Directory: C:/Users/adamp/Documents/GameMakerStudio2/ec327_proj/src/software_sadists/sprites/health_particle/layers/f761c6d5-ac4e-4438-8e52-2a193b454b55
[12-12-2022 17:35:14] Checking e9f1bbf6-84f3-406f-a838-c73684f7c270
[12-12-2022 17:35:14] Directory: C:/Users/adamp/Documents/GameMakerStudio2/ec327_proj/src/software_sadists/sprites/health_particle/layers/e9f1bbf6-84f3-406f-a838-c73684f7c270
[12-12-2022 17:35:14] Checking bf96cb72-775e-4be6-8b4c-07a8817a0211
[12-12-2022 17:35:14] Directory: C:/Users/adamp/Documents/GameMakerStudio2/ec327_proj/src/software_sadists/sprites/health_particle/layers/bf96cb72-775e-4be6-8b4c-07a8817a0211
[12-12-2022 17:35:14] Checking 56cd3b01-501f-4394-ade6-0f12223a11ae
[12-12-2022 17:35:14] Directory: C:/Users/adamp/Documents/GameMakerStudio2/ec327_proj/src/software_sadists/sprites/health_particle/layers/56cd3b01-501f-4394-ade6-0f12223a11ae
[12-12-2022 17:35:14] Checking 11a0f9de-aece-4f15-9234-a60d2d13c2d0
[12-12-2022 17:35:14] Directory: C:/Users/adamp/Documents/GameMakerStudio2/ec327_proj/src/software_sadists/sprites/health_particle/layers/11a0f9de-aece-4f15-9234-a60d2d13c2d0
[12-12-2022 17:35:14] Checking 071d3b7a-6e89-4ec2-b8a6-2cd72e7d6bc6
[12-12-2022 17:35:14] Directory: C:/Users/adamp/Documents/GameMakerStudio2/ec327_proj/src/software_sadists/sprites/health_particle/layers/071d3b7a-6e89-4ec2-b8a6-2cd72e7d6bc6
[12-12-2022 17:35:14] Current parent directory: C:/Users/adamp/Documents/GameMakerStudio2/ec327_proj/src/software_sadists/sprites/health_particle/layers/071d3b7a-6e89-4ec2-b8a6-2cd72e7d6bc6
[12-12-2022 17:35:14] Checking da6ef4ed-fa62-445a-9e13-68632ff1762c.png
[12-12-2022 17:35:14] Current parent directory: C:/Users/adamp/Documents/GameMakerStudio2/ec327_proj/src/software_sadists/sprites/health_particle/layers/11a0f9de-aece-4f15-9234-a60d2d13c2d0
[12-12-2022 17:35:14] Checking f44fc3b3-b6df-443d-97c7-64568825c5a2.png
[12-12-2022 17:35:14] Current parent directory: C:/Users/adamp/Documents/GameMakerStudio2/ec327_proj/src/software_sadists/sprites/health_particle/layers/56cd3b01-501f-4394-ade6-0f12223a11ae
[12-12-2022 17:35:14] Checking f44fc3b3-b6df-443d-97c7-64568825c5a2.png
[12-12-2022 17:35:14] Current parent directory: C:/Users/adamp/Documents/GameMakerStudio2/ec327_proj/src/software_sadists/sprites/health_particle/layers/bf96cb72-775e-4be6-8b4c-07a8817a0211
[12-12-2022 17:35:14] Checking f44fc3b3-b6df-443d-97c7-64568825c5a2.png
[12-12-2022 17:35:14] Current parent directory: C:/Users/adamp/Documents/GameMakerStudio2/ec327_proj/src/software_sadists/sprites/health_particle/layers/e9f1bbf6-84f3-406f-a838-c73684f7c270
[12-12-2022 17:35:14] Checking 75603ade-dd8b-4625-a80c-f97e1fdd78b9.png
[12-12-2022 17:35:14] Current parent directory: C:/Users/adamp/Documents/GameMakerStudio2/ec327_proj/src/software_sadists/sprites/health_particle/layers/f761c6d5-ac4e-4438-8e52-2a193b454b55
[12-12-2022 17:35:14] Checking f44fc3b3-b6df-443d-97c7-64568825c5a2.png
[12-12-2022 17:35:14] Current parent directory: C:/Users/adamp/Documents/GameMakerStudio2/ec327_proj/src/software_sadists/sprites/Sprite10
[12-12-2022 17:35:14] Checking Sprite10.yy
[12-12-2022 17:35:14] Parsing C:/Users/adamp/Documents/GameMakerStudio2/ec327_proj/src/software_sadists/sprites/Sprite10/Sprite10.yy
[12-12-2022 17:35:14] Reading C:/Users/adamp/Documents/GameMakerStudio2/ec327_proj/src/software_sadists/sprites/Sprite10/Sprite10.yy
[12-12-2022 17:35:14] Par: "folders/Sprites" at dir: "C:/Users/adamp/Documents/GameMakerStudio2/ec327_proj/src/software_sadists/sprites/Sprite10/Sprite10.yy"
[12-12-2022 17:35:14] Found Sprite: Sprite10
[12-12-2022 17:35:14] Checking layers
[12-12-2022 17:35:14] Directory: C:/Users/adamp/Documents/GameMakerStudio2/ec327_proj/src/software_sadists/sprites/Sprite10/layers
[12-12-2022 17:35:14] Checking 06629bf9-079c-4a4b-8ef5-d103eee81e71.png
[12-12-2022 17:35:14] Current parent directory: C:/Users/adamp/Documents/GameMakerStudio2/ec327_proj/src/software_sadists/sprites/Sprite10/layers
[12-12-2022 17:35:14] Checking 06629bf9-079c-4a4b-8ef5-d103eee81e71
[12-12-2022 17:35:14] Directory: C:/Users/adamp/Documents/GameMakerStudio2/ec327_proj/src/software_sadists/sprites/Sprite10/layers/06629bf9-079c-4a4b-8ef5-d103eee81e71
[12-12-2022 17:35:14] Current parent directory: C:/Users/adamp/Documents/GameMakerStudio2/ec327_proj/src/software_sadists/sprites/Sprite10/layers/06629bf9-079c-4a4b-8ef5-d103eee81e71
[12-12-2022 17:35:14] Checking 1091b86a-9ecb-4d64-ba3e-71da0a5dd716.png
[12-12-2022 17:35:14] Current parent directory: C:/Users/adamp/Documents/GameMakerStudio2/ec327_proj/src/software_sadists/sprites/Sprite16
[12-12-2022 17:35:14] Checking Sprite16.yy
[12-12-2022 17:35:14] Parsing C:/Users/adamp/Documents/GameMakerStudio2/ec327_proj/src/software_sadists/sprites/Sprite16/Sprite16.yy
[12-12-2022 17:35:14] Reading C:/Users/adamp/Documents/GameMakerStudio2/ec327_proj/src/software_sadists/sprites/Sprite16/Sprite16.yy
[12-12-2022 17:35:14] Par: "folders/Sprites" at dir: "C:/Users/adamp/Documents/GameMakerStudio2/ec327_proj/src/software_sadists/sprites/Sprite16/Sprite16.yy"
[12-12-2022 17:35:14] Found Sprite: Sprite16
[12-12-2022 17:35:14] Checking layers
[12-12-2022 17:35:14] Directory: C:/Users/adamp/Documents/GameMakerStudio2/ec327_proj/src/software_sadists/sprites/Sprite16/layers
[12-12-2022 17:35:14] Checking 8148301a-c148-409a-b362-be02ab5eb5d5.png
[12-12-2022 17:35:14] Current parent directory: C:/Users/adamp/Documents/GameMakerStudio2/ec327_proj/src/software_sadists/sprites/Sprite16/layers
[12-12-2022 17:35:14] Checking 8148301a-c148-409a-b362-be02ab5eb5d5
[12-12-2022 17:35:14] Directory: C:/Users/adamp/Documents/GameMakerStudio2/ec327_proj/src/software_sadists/sprites/Sprite16/layers/8148301a-c148-409a-b362-be02ab5eb5d5
[12-12-2022 17:35:14] Current parent directory: C:/Users/adamp/Documents/GameMakerStudio2/ec327_proj/src/software_sadists/sprites/Sprite16/layers/8148301a-c148-409a-b362-be02ab5eb5d5
[12-12-2022 17:35:14] Checking d5ae411e-2903-46f3-b5c4-10497d38f113.png
[12-12-2022 17:35:14] Current parent directory: C:/Users/adamp/Documents/GameMakerStudio2/ec327_proj/src/software_sadists/sprites/Sprite17
[12-12-2022 17:35:14] Checking Sprite17.yy
[12-12-2022 17:35:14] Parsing C:/Users/adamp/Documents/GameMakerStudio2/ec327_proj/src/software_sadists/sprites/Sprite17/Sprite17.yy
[12-12-2022 17:35:14] Reading C:/Users/adamp/Documents/GameMakerStudio2/ec327_proj/src/software_sadists/sprites/Sprite17/Sprite17.yy
[12-12-2022 17:35:14] Par: "folders/Objects" at dir: "C:/Users/adamp/Documents/GameMakerStudio2/ec327_proj/src/software_sadists/sprites/Sprite17/Sprite17.yy"
[12-12-2022 17:35:14] Found Sprite: Sprite17
[12-12-2022 17:35:14] Checking layers
[12-12-2022 17:35:14] Directory: C:/Users/adamp/Documents/GameMakerStudio2/ec327_proj/src/software_sadists/sprites/Sprite17/layers
[12-12-2022 17:35:14] Checking 50bbb5ed-4a11-4389-8006-b6d42c5eb3a6.png
[12-12-2022 17:35:14] Current parent directory: C:/Users/adamp/Documents/GameMakerStudio2/ec327_proj/src/software_sadists/sprites/Sprite17/layers
[12-12-2022 17:35:14] Checking 50bbb5ed-4a11-4389-8006-b6d42c5eb3a6
[12-12-2022 17:35:14] Directory: C:/Users/adamp/Documents/GameMakerStudio2/ec327_proj/src/software_sadists/sprites/Sprite17/layers/50bbb5ed-4a11-4389-8006-b6d42c5eb3a6
[12-12-2022 17:35:14] Current parent directory: C:/Users/adamp/Documents/GameMakerStudio2/ec327_proj/src/software_sadists/sprites/Sprite17/layers/50bbb5ed-4a11-4389-8006-b6d42c5eb3a6
[12-12-2022 17:35:14] Checking 4e542ddc-692d-4376-8f7e-2f2c57f161df.png
[12-12-2022 17:35:14] Current parent directory: C:/Users/adamp/Documents/GameMakerStudio2/ec327_proj/src/software_sadists/sprites/Sprite18
[12-12-2022 17:35:14] Checking Sprite18.yy
[12-12-2022 17:35:14] Parsing C:/Users/adamp/Documents/GameMakerStudio2/ec327_proj/src/software_sadists/sprites/Sprite18/Sprite18.yy
[12-12-2022 17:35:14] Reading C:/Users/adamp/Documents/GameMakerStudio2/ec327_proj/src/software_sadists/sprites/Sprite18/Sprite18.yy
[12-12-2022 17:35:14] Par: "folders/Objects/Items" at dir: "C:/Users/adamp/Documents/GameMakerStudio2/ec327_proj/src/software_sadists/sprites/Sprite18/Sprite18.yy"
[12-12-2022 17:35:14] Found Sprite: Sprite18
[12-12-2022 17:35:14] Checking layers
[12-12-2022 17:35:14] Directory: C:/Users/adamp/Documents/GameMakerStudio2/ec327_proj/src/software_sadists/sprites/Sprite18/layers
[12-12-2022 17:35:14] Checking 7f0d4436-419f-4e2c-992c-5752dbf9b618.png
[12-12-2022 17:35:14] Current parent directory: C:/Users/adamp/Documents/GameMakerStudio2/ec327_proj/src/software_sadists/sprites/Sprite18/layers
[12-12-2022 17:35:14] Checking 7f0d4436-419f-4e2c-992c-5752dbf9b618
[12-12-2022 17:35:14] Directory: C:/Users/adamp/Documents/GameMakerStudio2/ec327_proj/src/software_sadists/sprites/Sprite18/layers/7f0d4436-419f-4e2c-992c-5752dbf9b618
[12-12-2022 17:35:14] Current parent directory: C:/Users/adamp/Documents/GameMakerStudio2/ec327_proj/src/software_sadists/sprites/Sprite18/layers/7f0d4436-419f-4e2c-992c-5752dbf9b618
[12-12-2022 17:35:14] Checking fdff90df-a932-4591-b416-aec1890e6ed5.png
[12-12-2022 17:35:14] Current parent directory: C:/Users/adamp/Documents/GameMakerStudio2/ec327_proj/src/software_sadists/sprites/Sprite19
[12-12-2022 17:35:14] Checking Sprite19.yy
[12-12-2022 17:35:14] Parsing C:/Users/adamp/Documents/GameMakerStudio2/ec327_proj/src/software_sadists/sprites/Sprite19/Sprite19.yy
[12-12-2022 17:35:14] Reading C:/Users/adamp/Documents/GameMakerStudio2/ec327_proj/src/software_sadists/sprites/Sprite19/Sprite19.yy
[12-12-2022 17:35:14] Par: "folders/Objects" at dir: "C:/Users/adamp/Documents/GameMakerStudio2/ec327_proj/src/software_sadists/sprites/Sprite19/Sprite19.yy"
[12-12-2022 17:35:14] Found Sprite: Sprite19
[12-12-2022 17:35:14] Checking layers
[12-12-2022 17:35:14] Directory: C:/Users/adamp/Documents/GameMakerStudio2/ec327_proj/src/software_sadists/sprites/Sprite19/layers
[12-12-2022 17:35:14] Checking f5e3fefc-5ddc-485a-abd3-54cb0d5854d2.png
[12-12-2022 17:35:14] Current parent directory: C:/Users/adamp/Documents/GameMakerStudio2/ec327_proj/src/software_sadists/sprites/Sprite19/layers
[12-12-2022 17:35:14] Checking f5e3fefc-5ddc-485a-abd3-54cb0d5854d2
[12-12-2022 17:35:14] Directory: C:/Users/adamp/Documents/GameMakerStudio2/ec327_proj/src/software_sadists/sprites/Sprite19/layers/f5e3fefc-5ddc-485a-abd3-54cb0d5854d2
[12-12-2022 17:35:14] Current parent directory: C:/Users/adamp/Documents/GameMakerStudio2/ec327_proj/src/software_sadists/sprites/Sprite19/layers/f5e3fefc-5ddc-485a-abd3-54cb0d5854d2
[12-12-2022 17:35:14] Checking 0424e3c3-3937-4e5b-a37c-ee6efdd938ba.png
[12-12-2022 17:35:14] Current parent directory: C:/Users/adamp/Documents/GameMakerStudio2/ec327_proj/src/software_sadists/sprites/Sprite21
[12-12-2022 17:35:14] Checking Sprite21.yy
[12-12-2022 17:35:14] Parsing C:/Users/adamp/Documents/GameMakerStudio2/ec327_proj/src/software_sadists/sprites/Sprite21/Sprite21.yy
[12-12-2022 17:35:14] Reading C:/Users/adamp/Documents/GameMakerStudio2/ec327_proj/src/software_sadists/sprites/Sprite21/Sprite21.yy
[12-12-2022 17:35:14] Par: "folders/Sprites" at dir: "C:/Users/adamp/Documents/GameMakerStudio2/ec327_proj/src/software_sadists/sprites/Sprite21/Sprite21.yy"
[12-12-2022 17:35:14] Found Sprite: Sprite21
[12-12-2022 17:35:14] Checking layers
[12-12-2022 17:35:14] Directory: C:/Users/adamp/Documents/GameMakerStudio2/ec327_proj/src/software_sadists/sprites/Sprite21/layers
[12-12-2022 17:35:14] Checking 989136d8-1ced-4f66-8d7f-b721b4f230eb.png
[12-12-2022 17:35:14] Checking 442ffa9a-3636-4735-b0b6-c62eda8315b2.png
[12-12-2022 17:35:14] Current parent directory: C:/Users/adamp/Documents/GameMakerStudio2/ec327_proj/src/software_sadists/sprites/Sprite21/layers
[12-12-2022 17:35:14] Checking 989136d8-1ced-4f66-8d7f-b721b4f230eb
[12-12-2022 17:35:14] Directory: C:/Users/adamp/Documents/GameMakerStudio2/ec327_proj/src/software_sadists/sprites/Sprite21/layers/989136d8-1ced-4f66-8d7f-b721b4f230eb
[12-12-2022 17:35:14] Checking 442ffa9a-3636-4735-b0b6-c62eda8315b2
[12-12-2022 17:35:14] Directory: C:/Users/adamp/Documents/GameMakerStudio2/ec327_proj/src/software_sadists/sprites/Sprite21/layers/442ffa9a-3636-4735-b0b6-c62eda8315b2
[12-12-2022 17:35:14] Current parent directory: C:/Users/adamp/Documents/GameMakerStudio2/ec327_proj/src/software_sadists/sprites/Sprite21/layers/442ffa9a-3636-4735-b0b6-c62eda8315b2
[12-12-2022 17:35:14] Checking fbbfef7e-8650-45c7-9ec2-c156e34e9478.png
[12-12-2022 17:35:14] Current parent directory: C:/Users/adamp/Documents/GameMakerStudio2/ec327_proj/src/software_sadists/sprites/Sprite21/layers/989136d8-1ced-4f66-8d7f-b721b4f230eb
[12-12-2022 17:35:14] Checking fbbfef7e-8650-45c7-9ec2-c156e34e9478.png
[12-12-2022 17:35:14] Current parent directory: C:/Users/adamp/Documents/GameMakerStudio2/ec327_proj/src/software_sadists/sprites/Sprite22
[12-12-2022 17:35:14] Checking Sprite22.yy
[12-12-2022 17:35:14] Parsing C:/Users/adamp/Documents/GameMakerStudio2/ec327_proj/src/software_sadists/sprites/Sprite22/Sprite22.yy
[12-12-2022 17:35:14] Reading C:/Users/adamp/Documents/GameMakerStudio2/ec327_proj/src/software_sadists/sprites/Sprite22/Sprite22.yy
[12-12-2022 17:35:14] Par: "folders/Sprites" at dir: "C:/Users/adamp/Documents/GameMakerStudio2/ec327_proj/src/software_sadists/sprites/Sprite22/Sprite22.yy"
[12-12-2022 17:35:14] Found Sprite: Sprite22
[12-12-2022 17:35:14] Checking layers
[12-12-2022 17:35:14] Directory: C:/Users/adamp/Documents/GameMakerStudio2/ec327_proj/src/software_sadists/sprites/Sprite22/layers
[12-12-2022 17:35:14] Checking 6324fdbb-0709-4402-8bde-02134e6e280c.png
[12-12-2022 17:35:14] Checking 0aa95baf-88d3-4a71-98c8-f98f873f8c2c.png
[12-12-2022 17:35:14] Current parent directory: C:/Users/adamp/Documents/GameMakerStudio2/ec327_proj/src/software_sadists/sprites/Sprite22/layers
[12-12-2022 17:35:14] Checking 6324fdbb-0709-4402-8bde-02134e6e280c
[12-12-2022 17:35:14] Directory: C:/Users/adamp/Documents/GameMakerStudio2/ec327_proj/src/software_sadists/sprites/Sprite22/layers/6324fdbb-0709-4402-8bde-02134e6e280c
[12-12-2022 17:35:14] Checking 0aa95baf-88d3-4a71-98c8-f98f873f8c2c
[12-12-2022 17:35:14] Directory: C:/Users/adamp/Documents/GameMakerStudio2/ec327_proj/src/software_sadists/sprites/Sprite22/layers/0aa95baf-88d3-4a71-98c8-f98f873f8c2c
[12-12-2022 17:35:14] Current parent directory: C:/Users/adamp/Documents/GameMakerStudio2/ec327_proj/src/software_sadists/sprites/Sprite22/layers/0aa95baf-88d3-4a71-98c8-f98f873f8c2c
[12-12-2022 17:35:14] Checking 542a1918-cf51-4d8e-8dcb-fa8b104f2aea.png
[12-12-2022 17:35:14] Current parent directory: C:/Users/adamp/Documents/GameMakerStudio2/ec327_proj/src/software_sadists/sprites/Sprite22/layers/6324fdbb-0709-4402-8bde-02134e6e280c
[12-12-2022 17:35:14] Checking 542a1918-cf51-4d8e-8dcb-fa8b104f2aea.png
[12-12-2022 17:35:14] Current parent directory: C:/Users/adamp/Documents/GameMakerStudio2/ec327_proj/src/software_sadists/sprites/Sprite23
[12-12-2022 17:35:14] Checking Sprite23.yy
[12-12-2022 17:35:14] Parsing C:/Users/adamp/Documents/GameMakerStudio2/ec327_proj/src/software_sadists/sprites/Sprite23/Sprite23.yy
[12-12-2022 17:35:14] Reading C:/Users/adamp/Documents/GameMakerStudio2/ec327_proj/src/software_sadists/sprites/Sprite23/Sprite23.yy
[12-12-2022 17:35:14] Par: "folders/Sprites" at dir: "C:/Users/adamp/Documents/GameMakerStudio2/ec327_proj/src/software_sadists/sprites/Sprite23/Sprite23.yy"
[12-12-2022 17:35:14] Found Sprite: Sprite23
[12-12-2022 17:35:14] Checking layers
[12-12-2022 17:35:14] Directory: C:/Users/adamp/Documents/GameMakerStudio2/ec327_proj/src/software_sadists/sprites/Sprite23/layers
[12-12-2022 17:35:14] Checking b1136310-7360-4600-b0b6-78202c4c6c79.png
[12-12-2022 17:35:14] Current parent directory: C:/Users/adamp/Documents/GameMakerStudio2/ec327_proj/src/software_sadists/sprites/Sprite23/layers
[12-12-2022 17:35:14] Checking b1136310-7360-4600-b0b6-78202c4c6c79
[12-12-2022 17:35:14] Directory: C:/Users/adamp/Documents/GameMakerStudio2/ec327_proj/src/software_sadists/sprites/Sprite23/layers/b1136310-7360-4600-b0b6-78202c4c6c79
[12-12-2022 17:35:14] Current parent directory: C:/Users/adamp/Documents/GameMakerStudio2/ec327_proj/src/software_sadists/sprites/Sprite23/layers/b1136310-7360-4600-b0b6-78202c4c6c79
[12-12-2022 17:35:14] Checking 7b837be8-6526-4ba8-8f5b-7ffdb72b7954.png
[12-12-2022 17:35:14] Current parent directory: C:/Users/adamp/Documents/GameMakerStudio2/ec327_proj/src/software_sadists/sprites/Sprite3
[12-12-2022 17:35:14] Checking Sprite3.yy
[12-12-2022 17:35:14] Parsing C:/Users/adamp/Documents/GameMakerStudio2/ec327_proj/src/software_sadists/sprites/Sprite3/Sprite3.yy
[12-12-2022 17:35:14] Reading C:/Users/adamp/Documents/GameMakerStudio2/ec327_proj/src/software_sadists/sprites/Sprite3/Sprite3.yy
[12-12-2022 17:35:14] Par: "folders/Objects/Items" at dir: "C:/Users/adamp/Documents/GameMakerStudio2/ec327_proj/src/software_sadists/sprites/Sprite3/Sprite3.yy"
[12-12-2022 17:35:14] Found Sprite: Sprite3
[12-12-2022 17:35:14] Checking layers
[12-12-2022 17:35:14] Directory: C:/Users/adamp/Documents/GameMakerStudio2/ec327_proj/src/software_sadists/sprites/Sprite3/layers
[12-12-2022 17:35:14] Checking 73f6e0f2-65f7-4537-8679-2e3b3d76cb12.png
[12-12-2022 17:35:14] Current parent directory: C:/Users/adamp/Documents/GameMakerStudio2/ec327_proj/src/software_sadists/sprites/Sprite3/layers
[12-12-2022 17:35:14] Checking 73f6e0f2-65f7-4537-8679-2e3b3d76cb12
[12-12-2022 17:35:14] Directory: C:/Users/adamp/Documents/GameMakerStudio2/ec327_proj/src/software_sadists/sprites/Sprite3/layers/73f6e0f2-65f7-4537-8679-2e3b3d76cb12
[12-12-2022 17:35:14] Current parent directory: C:/Users/adamp/Documents/GameMakerStudio2/ec327_proj/src/software_sadists/sprites/Sprite3/layers/73f6e0f2-65f7-4537-8679-2e3b3d76cb12
[12-12-2022 17:35:14] Checking 1bbab5b3-adef-4129-9675-3da09bc0dd42.png
[12-12-2022 17:35:14] Current parent directory: C:/Users/adamp/Documents/GameMakerStudio2/ec327_proj/src/software_sadists/sprites/Sprite4
[12-12-2022 17:35:14] Checking Sprite4.yy
[12-12-2022 17:35:14] Parsing C:/Users/adamp/Documents/GameMakerStudio2/ec327_proj/src/software_sadists/sprites/Sprite4/Sprite4.yy
[12-12-2022 17:35:14] Reading C:/Users/adamp/Documents/GameMakerStudio2/ec327_proj/src/software_sadists/sprites/Sprite4/Sprite4.yy
[12-12-2022 17:35:14] Par: "folders/Sprites" at dir: "C:/Users/adamp/Documents/GameMakerStudio2/ec327_proj/src/software_sadists/sprites/Sprite4/Sprite4.yy"
[12-12-2022 17:35:14] Found Sprite: Sprite4
[12-12-2022 17:35:14] Checking layers
[12-12-2022 17:35:14] Directory: C:/Users/adamp/Documents/GameMakerStudio2/ec327_proj/src/software_sadists/sprites/Sprite4/layers
[12-12-2022 17:35:14] Checking 5a2b5a55-c13e-41e0-b9dc-ac2cb1af19af.png
[12-12-2022 17:35:14] Checking 494e24db-620c-4999-97a8-3e6a22802f99.png
[12-12-2022 17:35:14] Current parent directory: C:/Users/adamp/Documents/GameMakerStudio2/ec327_proj/src/software_sadists/sprites/Sprite4/layers
[12-12-2022 17:35:14] Checking 5a2b5a55-c13e-41e0-b9dc-ac2cb1af19af
[12-12-2022 17:35:14] Directory: C:/Users/adamp/Documents/GameMakerStudio2/ec327_proj/src/software_sadists/sprites/Sprite4/layers/5a2b5a55-c13e-41e0-b9dc-ac2cb1af19af
[12-12-2022 17:35:14] Checking 494e24db-620c-4999-97a8-3e6a22802f99
[12-12-2022 17:35:14] Directory: C:/Users/adamp/Documents/GameMakerStudio2/ec327_proj/src/software_sadists/sprites/Sprite4/layers/494e24db-620c-4999-97a8-3e6a22802f99
[12-12-2022 17:35:14] Current parent directory: C:/Users/adamp/Documents/GameMakerStudio2/ec327_proj/src/software_sadists/sprites/Sprite4/layers/494e24db-620c-4999-97a8-3e6a22802f99
[12-12-2022 17:35:14] Checking 8b2c6098-cd09-4b71-9a59-f41c0587a35c.png
[12-12-2022 17:35:14] Current parent directory: C:/Users/adamp/Documents/GameMakerStudio2/ec327_proj/src/software_sadists/sprites/Sprite4/layers/5a2b5a55-c13e-41e0-b9dc-ac2cb1af19af
[12-12-2022 17:35:14] Checking 141c742c-b26e-4017-8f28-039454bee813.png
[12-12-2022 17:35:14] Current parent directory: C:/Users/adamp/Documents/GameMakerStudio2/ec327_proj/src/software_sadists/sprites/spr_door
[12-12-2022 17:35:14] Checking spr_door.yy
[12-12-2022 17:35:14] Parsing C:/Users/adamp/Documents/GameMakerStudio2/ec327_proj/src/software_sadists/sprites/spr_door/spr_door.yy
[12-12-2022 17:35:14] Reading C:/Users/adamp/Documents/GameMakerStudio2/ec327_proj/src/software_sadists/sprites/spr_door/spr_door.yy
[12-12-2022 17:35:14] Par: "folders/Sprites" at dir: "C:/Users/adamp/Documents/GameMakerStudio2/ec327_proj/src/software_sadists/sprites/spr_door/spr_door.yy"
[12-12-2022 17:35:14] Found Sprite: spr_door
[12-12-2022 17:35:14] Checking layers
[12-12-2022 17:35:14] Directory: C:/Users/adamp/Documents/GameMakerStudio2/ec327_proj/src/software_sadists/sprites/spr_door/layers
[12-12-2022 17:35:14] Checking 7b829eac-93e5-4c23-bd1d-b92f7d260b99.png
[12-12-2022 17:35:14] Current parent directory: C:/Users/adamp/Documents/GameMakerStudio2/ec327_proj/src/software_sadists/sprites/spr_door/layers
[12-12-2022 17:35:14] Checking 7b829eac-93e5-4c23-bd1d-b92f7d260b99
[12-12-2022 17:35:14] Directory: C:/Users/adamp/Documents/GameMakerStudio2/ec327_proj/src/software_sadists/sprites/spr_door/layers/7b829eac-93e5-4c23-bd1d-b92f7d260b99
[12-12-2022 17:35:14] Current parent directory: C:/Users/adamp/Documents/GameMakerStudio2/ec327_proj/src/software_sadists/sprites/spr_door/layers/7b829eac-93e5-4c23-bd1d-b92f7d260b99
[12-12-2022 17:35:14] Checking 587d6eee-bf69-49d6-b597-88312f69562f.png
[12-12-2022 17:35:14] Current parent directory: C:/Users/adamp/Documents/GameMakerStudio2/ec327_proj/src/software_sadists/sprites/spr_ebullet
[12-12-2022 17:35:14] Checking spr_ebullet.yy
[12-12-2022 17:35:14] Parsing C:/Users/adamp/Documents/GameMakerStudio2/ec327_proj/src/software_sadists/sprites/spr_ebullet/spr_ebullet.yy
[12-12-2022 17:35:14] Reading C:/Users/adamp/Documents/GameMakerStudio2/ec327_proj/src/software_sadists/sprites/spr_ebullet/spr_ebullet.yy
[12-12-2022 17:35:14] Par: "folders/Sprites" at dir: "C:/Users/adamp/Documents/GameMakerStudio2/ec327_proj/src/software_sadists/sprites/spr_ebullet/spr_ebullet.yy"
[12-12-2022 17:35:14] Found Sprite: spr_ebullet
[12-12-2022 17:35:14] Checking layers
[12-12-2022 17:35:14] Directory: C:/Users/adamp/Documents/GameMakerStudio2/ec327_proj/src/software_sadists/sprites/spr_ebullet/layers
[12-12-2022 17:35:14] Checking 642f3b71-ccac-421f-80c2-b49b8abf0c55.png
[12-12-2022 17:35:14] Current parent directory: C:/Users/adamp/Documents/GameMakerStudio2/ec327_proj/src/software_sadists/sprites/spr_ebullet/layers
[12-12-2022 17:35:14] Checking 642f3b71-ccac-421f-80c2-b49b8abf0c55
[12-12-2022 17:35:14] Directory: C:/Users/adamp/Documents/GameMakerStudio2/ec327_proj/src/software_sadists/sprites/spr_ebullet/layers/642f3b71-ccac-421f-80c2-b49b8abf0c55
[12-12-2022 17:35:14] Current parent directory: C:/Users/adamp/Documents/GameMakerStudio2/ec327_proj/src/software_sadists/sprites/spr_ebullet/layers/642f3b71-ccac-421f-80c2-b49b8abf0c55
[12-12-2022 17:35:14] Checking 67b67b9a-1b83-45a2-8357-f2b79ad5919f.png
[12-12-2022 17:35:14] Current parent directory: C:/Users/adamp/Documents/GameMakerStudio2/ec327_proj/src/software_sadists/sprites/spr_enemy
[12-12-2022 17:35:14] Checking spr_enemy.yy
[12-12-2022 17:35:14] Parsing C:/Users/adamp/Documents/GameMakerStudio2/ec327_proj/src/software_sadists/sprites/spr_enemy/spr_enemy.yy
[12-12-2022 17:35:14] Reading C:/Users/adamp/Documents/GameMakerStudio2/ec327_proj/src/software_sadists/sprites/spr_enemy/spr_enemy.yy
[12-12-2022 17:35:14] Par: "folders/Sprites" at dir: "C:/Users/adamp/Documents/GameMakerStudio2/ec327_proj/src/software_sadists/sprites/spr_enemy/spr_enemy.yy"
[12-12-2022 17:35:14] Found Sprite: spr_enemy
[12-12-2022 17:35:14] Checking layers
[12-12-2022 17:35:14] Directory: C:/Users/adamp/Documents/GameMakerStudio2/ec327_proj/src/software_sadists/sprites/spr_enemy/layers
[12-12-2022 17:35:14] Checking ce86818b-0a9e-42e8-98f1-12a8e55df29e.png
[12-12-2022 17:35:14] Current parent directory: C:/Users/adamp/Documents/GameMakerStudio2/ec327_proj/src/software_sadists/sprites/spr_enemy/layers
[12-12-2022 17:35:14] Checking ce86818b-0a9e-42e8-98f1-12a8e55df29e
[12-12-2022 17:35:14] Directory: C:/Users/adamp/Documents/GameMakerStudio2/ec327_proj/src/software_sadists/sprites/spr_enemy/layers/ce86818b-0a9e-42e8-98f1-12a8e55df29e
[12-12-2022 17:35:14] Current parent directory: C:/Users/adamp/Documents/GameMakerStudio2/ec327_proj/src/software_sadists/sprites/spr_enemy/layers/ce86818b-0a9e-42e8-98f1-12a8e55df29e
[12-12-2022 17:35:14] Checking 792c24ab-d83d-4593-a103-cbca66bfcc39.png
[12-12-2022 17:35:14] Current parent directory: C:/Users/adamp/Documents/GameMakerStudio2/ec327_proj/src/software_sadists/sprites/spr_enterDoor
[12-12-2022 17:35:14] Checking spr_enterDoor.yy
[12-12-2022 17:35:14] Parsing C:/Users/adamp/Documents/GameMakerStudio2/ec327_proj/src/software_sadists/sprites/spr_enterDoor/spr_enterDoor.yy
[12-12-2022 17:35:14] Reading C:/Users/adamp/Documents/GameMakerStudio2/ec327_proj/src/software_sadists/sprites/spr_enterDoor/spr_enterDoor.yy
[12-12-2022 17:35:14] Par: "folders/Sprites" at dir: "C:/Users/adamp/Documents/GameMakerStudio2/ec327_proj/src/software_sadists/sprites/spr_enterDoor/spr_enterDoor.yy"
[12-12-2022 17:35:14] Found Sprite: spr_enterDoor
[12-12-2022 17:35:14] Checking layers
[12-12-2022 17:35:14] Directory: C:/Users/adamp/Documents/GameMakerStudio2/ec327_proj/src/software_sadists/sprites/spr_enterDoor/layers
[12-12-2022 17:35:14] Checking 07003bad-4a78-4337-95c9-610c8fef7b22.png
[12-12-2022 17:35:14] Current parent directory: C:/Users/adamp/Documents/GameMakerStudio2/ec327_proj/src/software_sadists/sprites/spr_enterDoor/layers
[12-12-2022 17:35:14] Checking 07003bad-4a78-4337-95c9-610c8fef7b22
[12-12-2022 17:35:14] Directory: C:/Users/adamp/Documents/GameMakerStudio2/ec327_proj/src/software_sadists/sprites/spr_enterDoor/layers/07003bad-4a78-4337-95c9-610c8fef7b22
[12-12-2022 17:35:14] Current parent directory: C:/Users/adamp/Documents/GameMakerStudio2/ec327_proj/src/software_sadists/sprites/spr_enterDoor/layers/07003bad-4a78-4337-95c9-610c8fef7b22
[12-12-2022 17:35:14] Checking a71def35-c242-4a8a-8c72-eb5dc0bde30b.png
[12-12-2022 17:35:14] Current parent directory: C:/Users/adamp/Documents/GameMakerStudio2/ec327_proj/src/software_sadists/sprites/spr_pbullet
[12-12-2022 17:35:14] Checking spr_pbullet.yy
[12-12-2022 17:35:14] Parsing C:/Users/adamp/Documents/GameMakerStudio2/ec327_proj/src/software_sadists/sprites/spr_pbullet/spr_pbullet.yy
[12-12-2022 17:35:15] Reading C:/Users/adamp/Documents/GameMakerStudio2/ec327_proj/src/software_sadists/sprites/spr_pbullet/spr_pbullet.yy
[12-12-2022 17:35:15] Par: "folders/Sprites" at dir: "C:/Users/adamp/Documents/GameMakerStudio2/ec327_proj/src/software_sadists/sprites/spr_pbullet/spr_pbullet.yy"
[12-12-2022 17:35:15] Found Sprite: spr_pbullet
[12-12-2022 17:35:15] Checking layers
[12-12-2022 17:35:15] Directory: C:/Users/adamp/Documents/GameMakerStudio2/ec327_proj/src/software_sadists/sprites/spr_pbullet/layers
[12-12-2022 17:35:15] Checking e4d087e8-a6e2-4623-96a3-f0c61d0620b4.png
[12-12-2022 17:35:15] Current parent directory: C:/Users/adamp/Documents/GameMakerStudio2/ec327_proj/src/software_sadists/sprites/spr_pbullet/layers
[12-12-2022 17:35:15] Checking e4d087e8-a6e2-4623-96a3-f0c61d0620b4
[12-12-2022 17:35:15] Directory: C:/Users/adamp/Documents/GameMakerStudio2/ec327_proj/src/software_sadists/sprites/spr_pbullet/layers/e4d087e8-a6e2-4623-96a3-f0c61d0620b4
[12-12-2022 17:35:15] Current parent directory: C:/Users/adamp/Documents/GameMakerStudio2/ec327_proj/src/software_sadists/sprites/spr_pbullet/layers/e4d087e8-a6e2-4623-96a3-f0c61d0620b4
[12-12-2022 17:35:15] Checking fe12b6c5-316b-496c-bfa3-c73ed038d723.png
[12-12-2022 17:35:15] Current parent directory: C:/Users/adamp/Documents/GameMakerStudio2/ec327_proj/src/software_sadists/sprites/spr_pgun
[12-12-2022 17:35:15] Checking spr_pgun.yy
[12-12-2022 17:35:15] Parsing C:/Users/adamp/Documents/GameMakerStudio2/ec327_proj/src/software_sadists/sprites/spr_pgun/spr_pgun.yy
[12-12-2022 17:35:15] Reading C:/Users/adamp/Documents/GameMakerStudio2/ec327_proj/src/software_sadists/sprites/spr_pgun/spr_pgun.yy
[12-12-2022 17:35:15] Par: "folders/Sprites" at dir: "C:/Users/adamp/Documents/GameMakerStudio2/ec327_proj/src/software_sadists/sprites/spr_pgun/spr_pgun.yy"
[12-12-2022 17:35:15] Found Sprite: spr_pgun
[12-12-2022 17:35:15] Checking layers
[12-12-2022 17:35:15] Directory: C:/Users/adamp/Documents/GameMakerStudio2/ec327_proj/src/software_sadists/sprites/spr_pgun/layers
[12-12-2022 17:35:15] Checking f1dbcd6b-336c-4859-a997-d4671bdb2d05.png
[12-12-2022 17:35:15] Current parent directory: C:/Users/adamp/Documents/GameMakerStudio2/ec327_proj/src/software_sadists/sprites/spr_pgun/layers
[12-12-2022 17:35:15] Checking f1dbcd6b-336c-4859-a997-d4671bdb2d05
[12-12-2022 17:35:15] Directory: C:/Users/adamp/Documents/GameMakerStudio2/ec327_proj/src/software_sadists/sprites/spr_pgun/layers/f1dbcd6b-336c-4859-a997-d4671bdb2d05
[12-12-2022 17:35:15] Current parent directory: C:/Users/adamp/Documents/GameMakerStudio2/ec327_proj/src/software_sadists/sprites/spr_pgun/layers/f1dbcd6b-336c-4859-a997-d4671bdb2d05
[12-12-2022 17:35:15] Checking dc47209d-f46f-4a69-b2e8-6e98898549f1.png
[12-12-2022 17:35:15] Current parent directory: C:/Users/adamp/Documents/GameMakerStudio2/ec327_proj/src/software_sadists/sprites/spr_player
[12-12-2022 17:35:15] Checking spr_player.yy
[12-12-2022 17:35:15] Parsing C:/Users/adamp/Documents/GameMakerStudio2/ec327_proj/src/software_sadists/sprites/spr_player/spr_player.yy
[12-12-2022 17:35:15] Reading C:/Users/adamp/Documents/GameMakerStudio2/ec327_proj/src/software_sadists/sprites/spr_player/spr_player.yy
[12-12-2022 17:35:15] Par: "folders/Sprites" at dir: "C:/Users/adamp/Documents/GameMakerStudio2/ec327_proj/src/software_sadists/sprites/spr_player/spr_player.yy"
[12-12-2022 17:35:15] Found Sprite: spr_player
[12-12-2022 17:35:15] Checking layers
[12-12-2022 17:35:15] Directory: C:/Users/adamp/Documents/GameMakerStudio2/ec327_proj/src/software_sadists/sprites/spr_player/layers
[12-12-2022 17:35:15] Checking e1b43a86-491b-4f6c-9785-45da8d0dcab5.png
[12-12-2022 17:35:15] Current parent directory: C:/Users/adamp/Documents/GameMakerStudio2/ec327_proj/src/software_sadists/sprites/spr_player/layers
[12-12-2022 17:35:15] Checking e1b43a86-491b-4f6c-9785-45da8d0dcab5
[12-12-2022 17:35:15] Directory: C:/Users/adamp/Documents/GameMakerStudio2/ec327_proj/src/software_sadists/sprites/spr_player/layers/e1b43a86-491b-4f6c-9785-45da8d0dcab5
[12-12-2022 17:35:15] Current parent directory: C:/Users/adamp/Documents/GameMakerStudio2/ec327_proj/src/software_sadists/sprites/spr_player/layers/e1b43a86-491b-4f6c-9785-45da8d0dcab5
[12-12-2022 17:35:15] Checking d92bed0a-61dc-4672-a243-a49440a62ee9.png
[12-12-2022 17:35:15] Current parent directory: C:/Users/adamp/Documents/GameMakerStudio2/ec327_proj/src/software_sadists/sprites/spr_stair
[12-12-2022 17:35:15] Checking spr_stair.yy
[12-12-2022 17:35:15] Parsing C:/Users/adamp/Documents/GameMakerStudio2/ec327_proj/src/software_sadists/sprites/spr_stair/spr_stair.yy
[12-12-2022 17:35:15] Reading C:/Users/adamp/Documents/GameMakerStudio2/ec327_proj/src/software_sadists/sprites/spr_stair/spr_stair.yy
[12-12-2022 17:35:15] Par: "folders/Sprites" at dir: "C:/Users/adamp/Documents/GameMakerStudio2/ec327_proj/src/software_sadists/sprites/spr_stair/spr_stair.yy"
[12-12-2022 17:35:15] Found Sprite: spr_stair
[12-12-2022 17:35:15] Checking layers
[12-12-2022 17:35:15] Directory: C:/Users/adamp/Documents/GameMakerStudio2/ec327_proj/src/software_sadists/sprites/spr_stair/layers
[12-12-2022 17:35:15] Checking fccaf00e-59fc-4e24-b43d-27a8a061727e.png
[12-12-2022 17:35:15] Current parent directory: C:/Users/adamp/Documents/GameMakerStudio2/ec327_proj/src/software_sadists/sprites/spr_stair/layers
[12-12-2022 17:35:15] Checking fccaf00e-59fc-4e24-b43d-27a8a061727e
[12-12-2022 17:35:15] Directory: C:/Users/adamp/Documents/GameMakerStudio2/ec327_proj/src/software_sadists/sprites/spr_stair/layers/fccaf00e-59fc-4e24-b43d-27a8a061727e
[12-12-2022 17:35:15] Current parent directory: C:/Users/adamp/Documents/GameMakerStudio2/ec327_proj/src/software_sadists/sprites/spr_stair/layers/fccaf00e-59fc-4e24-b43d-27a8a061727e
[12-12-2022 17:35:15] Checking 6e13a42f-1f7e-47d2-81b3-5c74df52bc1a.png
[12-12-2022 17:35:15] Current parent directory: C:/Users/adamp/Documents/GameMakerStudio2/ec327_proj/src/software_sadists/sprites/spr_startButton
[12-12-2022 17:35:15] Checking spr_startButton.yy
[12-12-2022 17:35:15] Parsing C:/Users/adamp/Documents/GameMakerStudio2/ec327_proj/src/software_sadists/sprites/spr_startButton/spr_startButton.yy
[12-12-2022 17:35:15] Reading C:/Users/adamp/Documents/GameMakerStudio2/ec327_proj/src/software_sadists/sprites/spr_startButton/spr_startButton.yy
[12-12-2022 17:35:15] Par: "folders/Sprites" at dir: "C:/Users/adamp/Documents/GameMakerStudio2/ec327_proj/src/software_sadists/sprites/spr_startButton/spr_startButton.yy"
[12-12-2022 17:35:15] Found Sprite: spr_startButton
[12-12-2022 17:35:15] Checking layers
[12-12-2022 17:35:15] Directory: C:/Users/adamp/Documents/GameMakerStudio2/ec327_proj/src/software_sadists/sprites/spr_startButton/layers
[12-12-2022 17:35:15] Checking 3cf4ade6-c2a7-41e3-ad0e-bce44cb1abb1.png
[12-12-2022 17:35:15] Checking 1f395ff8-2511-4b1b-ad73-6ee15013d8e1.png
[12-12-2022 17:35:15] Current parent directory: C:/Users/adamp/Documents/GameMakerStudio2/ec327_proj/src/software_sadists/sprites/spr_startButton/layers
[12-12-2022 17:35:15] Checking 3cf4ade6-c2a7-41e3-ad0e-bce44cb1abb1
[12-12-2022 17:35:15] Directory: C:/Users/adamp/Documents/GameMakerStudio2/ec327_proj/src/software_sadists/sprites/spr_startButton/layers/3cf4ade6-c2a7-41e3-ad0e-bce44cb1abb1
[12-12-2022 17:35:15] Checking 1f395ff8-2511-4b1b-ad73-6ee15013d8e1
[12-12-2022 17:35:15] Directory: C:/Users/adamp/Documents/GameMakerStudio2/ec327_proj/src/software_sadists/sprites/spr_startButton/layers/1f395ff8-2511-4b1b-ad73-6ee15013d8e1
[12-12-2022 17:35:15] Current parent directory: C:/Users/adamp/Documents/GameMakerStudio2/ec327_proj/src/software_sadists/sprites/spr_startButton/layers/1f395ff8-2511-4b1b-ad73-6ee15013d8e1
[12-12-2022 17:35:15] Checking 80102b9f-7aa2-4a48-8839-e2ec4929029a.png
[12-12-2022 17:35:15] Current parent directory: C:/Users/adamp/Documents/GameMakerStudio2/ec327_proj/src/software_sadists/sprites/spr_startButton/layers/3cf4ade6-c2a7-41e3-ad0e-bce44cb1abb1
[12-12-2022 17:35:15] Checking 80102b9f-7aa2-4a48-8839-e2ec4929029a.png
[12-12-2022 17:35:15] Current parent directory: C:/Users/adamp/Documents/GameMakerStudio2/ec327_proj/src/software_sadists/sprites/spr_tiling
[12-12-2022 17:35:15] Checking spr_tiling.yy
[12-12-2022 17:35:15] Parsing C:/Users/adamp/Documents/GameMakerStudio2/ec327_proj/src/software_sadists/sprites/spr_tiling/spr_tiling.yy
[12-12-2022 17:35:15] Reading C:/Users/adamp/Documents/GameMakerStudio2/ec327_proj/src/software_sadists/sprites/spr_tiling/spr_tiling.yy
[12-12-2022 17:35:15] Par: "folders/Sprites" at dir: "C:/Users/adamp/Documents/GameMakerStudio2/ec327_proj/src/software_sadists/sprites/spr_tiling/spr_tiling.yy"
[12-12-2022 17:35:15] Found Sprite: spr_tiling
[12-12-2022 17:35:15] Checking layers
[12-12-2022 17:35:15] Directory: C:/Users/adamp/Documents/GameMakerStudio2/ec327_proj/src/software_sadists/sprites/spr_tiling/layers
[12-12-2022 17:35:15] Checking 7e9dfcdf-c76b-4b77-afdf-3fcb2e0615b6.png
[12-12-2022 17:35:15] Current parent directory: C:/Users/adamp/Documents/GameMakerStudio2/ec327_proj/src/software_sadists/sprites/spr_tiling/layers
[12-12-2022 17:35:15] Checking 7e9dfcdf-c76b-4b77-afdf-3fcb2e0615b6
[12-12-2022 17:35:15] Directory: C:/Users/adamp/Documents/GameMakerStudio2/ec327_proj/src/software_sadists/sprites/spr_tiling/layers/7e9dfcdf-c76b-4b77-afdf-3fcb2e0615b6
[12-12-2022 17:35:15] Current parent directory: C:/Users/adamp/Documents/GameMakerStudio2/ec327_proj/src/software_sadists/sprites/spr_tiling/layers/7e9dfcdf-c76b-4b77-afdf-3fcb2e0615b6
[12-12-2022 17:35:15] Checking c763d36a-5e6c-4a26-8788-fe19f76de4cd.png
[12-12-2022 17:35:15] Current parent directory: C:/Users/adamp/Documents/GameMakerStudio2/ec327_proj/src/software_sadists/sprites/spr_wall
[12-12-2022 17:35:15] Checking spr_wall.yy
[12-12-2022 17:35:15] Parsing C:/Users/adamp/Documents/GameMakerStudio2/ec327_proj/src/software_sadists/sprites/spr_wall/spr_wall.yy
[12-12-2022 17:35:15] Reading C:/Users/adamp/Documents/GameMakerStudio2/ec327_proj/src/software_sadists/sprites/spr_wall/spr_wall.yy
[12-12-2022 17:35:15] Par: "folders/Sprites" at dir: "C:/Users/adamp/Documents/GameMakerStudio2/ec327_proj/src/software_sadists/sprites/spr_wall/spr_wall.yy"
[12-12-2022 17:35:15] Found Sprite: spr_wall
[12-12-2022 17:35:15] Checking layers
[12-12-2022 17:35:15] Directory: C:/Users/adamp/Documents/GameMakerStudio2/ec327_proj/src/software_sadists/sprites/spr_wall/layers
[12-12-2022 17:35:15] Checking 7b57342c-39fb-42b2-9426-84fad767c6ff.png
[12-12-2022 17:35:15] Current parent directory: C:/Users/adamp/Documents/GameMakerStudio2/ec327_proj/src/software_sadists/sprites/spr_wall/layers
[12-12-2022 17:35:15] Checking 7b57342c-39fb-42b2-9426-84fad767c6ff
[12-12-2022 17:35:15] Directory: C:/Users/adamp/Documents/GameMakerStudio2/ec327_proj/src/software_sadists/sprites/spr_wall/layers/7b57342c-39fb-42b2-9426-84fad767c6ff
[12-12-2022 17:35:15] Current parent directory: C:/Users/adamp/Documents/GameMakerStudio2/ec327_proj/src/software_sadists/sprites/spr_wall/layers/7b57342c-39fb-42b2-9426-84fad767c6ff
[12-12-2022 17:35:15] Checking f648b149-fdcb-46be-b7cb-99d2ffb49400.png
[12-12-2022 17:35:15] Current parent directory: C:/Users/adamp/Documents/GameMakerStudio2/ec327_proj/src/software_sadists/sprites/startScreen
[12-12-2022 17:35:15] Checking startScreen.yy
[12-12-2022 17:35:15] Parsing C:/Users/adamp/Documents/GameMakerStudio2/ec327_proj/src/software_sadists/sprites/startScreen/startScreen.yy
[12-12-2022 17:35:15] Reading C:/Users/adamp/Documents/GameMakerStudio2/ec327_proj/src/software_sadists/sprites/startScreen/startScreen.yy
[12-12-2022 17:35:15] Par: "folders/Sprites" at dir: "C:/Users/adamp/Documents/GameMakerStudio2/ec327_proj/src/software_sadists/sprites/startScreen/startScreen.yy"
[12-12-2022 17:35:15] Found Sprite: startScreen
[12-12-2022 17:35:15] Checking layers
[12-12-2022 17:35:15] Directory: C:/Users/adamp/Documents/GameMakerStudio2/ec327_proj/src/software_sadists/sprites/startScreen/layers
[12-12-2022 17:35:15] Checking 986b775d-5e40-4cb4-a630-965e9c30cfb9.png
[12-12-2022 17:35:15] Checking 836801c2-fbee-42e2-929a-ce522d3cb7dc.png
[12-12-2022 17:35:15] Current parent directory: C:/Users/adamp/Documents/GameMakerStudio2/ec327_proj/src/software_sadists/sprites/startScreen/layers
[12-12-2022 17:35:15] Checking 986b775d-5e40-4cb4-a630-965e9c30cfb9
[12-12-2022 17:35:15] Directory: C:/Users/adamp/Documents/GameMakerStudio2/ec327_proj/src/software_sadists/sprites/startScreen/layers/986b775d-5e40-4cb4-a630-965e9c30cfb9
[12-12-2022 17:35:15] Checking 836801c2-fbee-42e2-929a-ce522d3cb7dc
[12-12-2022 17:35:15] Directory: C:/Users/adamp/Documents/GameMakerStudio2/ec327_proj/src/software_sadists/sprites/startScreen/layers/836801c2-fbee-42e2-929a-ce522d3cb7dc
[12-12-2022 17:35:15] Current parent directory: C:/Users/adamp/Documents/GameMakerStudio2/ec327_proj/src/software_sadists/sprites/startScreen/layers/836801c2-fbee-42e2-929a-ce522d3cb7dc
[12-12-2022 17:35:15] Checking 83efabb0-c03e-4c44-93ae-02a76488712a.png
[12-12-2022 17:35:15] Current parent directory: C:/Users/adamp/Documents/GameMakerStudio2/ec327_proj/src/software_sadists/sprites/startScreen/layers/986b775d-5e40-4cb4-a630-965e9c30cfb9
[12-12-2022 17:35:15] Checking 83efabb0-c03e-4c44-93ae-02a76488712a.png
[12-12-2022 17:35:15] Current parent directory: C:/Users/adamp/Documents/GameMakerStudio2/ec327_proj/src/software_sadists/tilesets
[12-12-2022 17:35:15] Current parent directory: C:/Users/adamp/Documents/GameMakerStudio2/ec327_proj/src/software_sadists/timelines
[12-12-2022 17:35:15] Moving files to trash...
[12-12-2022 17:35:15] Files yeeted successfully!
[12-12-2022 17:35:15] Generating YYP...
[12-12-2022 17:35:15] software_sadists.yyp created successfully!
